[2025-04-29 10:59:19.419] INFO - GameLogic.moveHero - Ajout du déplacement du Hero dans la queue MyCharacter{name='mMrcel', HP=10, coord=Coord{row=7, col=4}}
[2025-04-29 10:59:19.429] SEVERE - GameLogic.processMoveQueue - Traitement des actions de la queueMyCharacter{name='mMrcel', HP=10, coord=Coord{row=7, col=4}} 0 1
[2025-04-29 10:59:19.584] INFO - GameLogic.moveHero - Ajout du déplacement du Hero dans la queue MyCharacter{name='mMrcel', HP=10, coord=Coord{row=7, col=5}}
[2025-04-29 10:59:19.585] SEVERE - GameLogic.processMoveQueue - Traitement des actions de la queueMyCharacter{name='mMrcel', HP=10, coord=Coord{row=7, col=5}} 0 1
[2025-04-29 10:59:20.163] INFO - GameLogic.moveHero - Ajout du déplacement du Hero dans la queue MyCharacter{name='mMrcel', HP=10, coord=Coord{row=7, col=6}}
[2025-04-29 10:59:20.164] SEVERE - GameLogic.processMoveQueue - Traitement des actions de la queueMyCharacter{name='mMrcel', HP=10, coord=Coord{row=7, col=6}} -1 0
[2025-04-29 10:59:20.352] INFO - GameLogic.moveHero - Ajout du déplacement du Hero dans la queue MyCharacter{name='mMrcel', HP=10, coord=Coord{row=6, col=6}}
[2025-04-29 10:59:20.353] SEVERE - GameLogic.processMoveQueue - Traitement des actions de la queueMyCharacter{name='mMrcel', HP=10, coord=Coord{row=6, col=6}} -1 0
[2025-04-29 10:59:20.541] INFO - GameLogic.moveHero - Ajout du déplacement du Hero dans la queue MyCharacter{name='mMrcel', HP=10, coord=Coord{row=5, col=6}}
[2025-04-29 10:59:20.542] SEVERE - GameLogic.processMoveQueue - Traitement des actions de la queueMyCharacter{name='mMrcel', HP=10, coord=Coord{row=5, col=6}} -1 0
[2025-04-29 10:59:20.863] INFO - GameLogic.moveHero - Ajout du déplacement du Hero dans la queue MyCharacter{name='mMrcel', HP=10, coord=Coord{row=4, col=6}}
[2025-04-29 10:59:20.864] SEVERE - GameLogic.processMoveQueue - Traitement des actions de la queueMyCharacter{name='mMrcel', HP=10, coord=Coord{row=4, col=6}} 0 -1
[2025-04-29 10:59:21.106] INFO - GameLogic.moveHero - Ajout du déplacement du Hero dans la queue MyCharacter{name='mMrcel', HP=10, coord=Coord{row=4, col=5}}
[2025-04-29 10:59:21.108] SEVERE - GameLogic.processMoveQueue - Traitement des actions de la queueMyCharacter{name='mMrcel', HP=10, coord=Coord{row=4, col=5}} 0 -1
[2025-04-29 10:59:21.391] INFO - GameLogic.moveHero - Ajout du déplacement du Hero dans la queue MyCharacter{name='mMrcel', HP=10, coord=Coord{row=4, col=4}}
[2025-04-29 10:59:21.392] SEVERE - GameLogic.processMoveQueue - Traitement des actions de la queueMyCharacter{name='mMrcel', HP=10, coord=Coord{row=4, col=4}} 1 0
[2025-04-29 10:59:21.619] INFO - GameLogic.moveHero - Ajout du déplacement du Hero dans la queue MyCharacter{name='mMrcel', HP=10, coord=Coord{row=5, col=4}}
[2025-04-29 10:59:21.621] SEVERE - GameLogic.processMoveQueue - Traitement des actions de la queueMyCharacter{name='mMrcel', HP=10, coord=Coord{row=5, col=4}} 1 0
[2025-04-29 10:59:21.872] INFO - GameLogic.moveHero - Ajout du déplacement du Hero dans la queue MyCharacter{name='mMrcel', HP=10, coord=Coord{row=6, col=4}}
[2025-04-29 10:59:21.872] SEVERE - GameLogic.processMoveQueue - Traitement des actions de la queueMyCharacter{name='mMrcel', HP=10, coord=Coord{row=6, col=4}} 0 1
[2025-04-29 10:59:22.128] INFO - GameLogic.moveHero - Ajout du déplacement du Hero dans la queue MyCharacter{name='mMrcel', HP=10, coord=Coord{row=6, col=5}}
[2025-04-29 10:59:22.128] SEVERE - GameLogic.processMoveQueue - Traitement des actions de la queueMyCharacter{name='mMrcel', HP=10, coord=Coord{row=6, col=5}} 0 1
[2025-04-29 10:59:22.635] INFO - GameLogic.moveHero - Ajout du déplacement du Hero dans la queue MyCharacter{name='mMrcel', HP=10, coord=Coord{row=6, col=6}}
[2025-04-29 10:59:22.635] SEVERE - GameLogic.processMoveQueue - Traitement des actions de la queueMyCharacter{name='mMrcel', HP=10, coord=Coord{row=6, col=6}} 0 1
[2025-04-29 10:59:22.679] INFO - GameLogic.moveHero - Ajout du déplacement du Hero dans la queue MyCharacter{name='mMrcel', HP=10, coord=Coord{row=6, col=7}}
[2025-04-29 10:59:22.680] SEVERE - GameLogic.processMoveQueue - Traitement des actions de la queueMyCharacter{name='mMrcel', HP=10, coord=Coord{row=6, col=7}} 0 1
[2025-04-29 10:59:22.704] INFO - GameLogic.moveHero - Ajout du déplacement du Hero dans la queue MyCharacter{name='mMrcel', HP=10, coord=Coord{row=6, col=8}}
[2025-04-29 10:59:22.705] SEVERE - GameLogic.processMoveQueue - Traitement des actions de la queueMyCharacter{name='mMrcel', HP=10, coord=Coord{row=6, col=8}} 0 1
[2025-04-29 10:59:22.735] INFO - GameLogic.moveHero - Ajout du déplacement du Hero dans la queue MyCharacter{name='mMrcel', HP=10, coord=Coord{row=6, col=9}}
[2025-04-29 10:59:22.736] SEVERE - GameLogic.processMoveQueue - Traitement des actions de la queueMyCharacter{name='mMrcel', HP=10, coord=Coord{row=6, col=9}} 0 1
[2025-04-29 10:59:22.772] INFO - GameLogic.moveHero - Ajout du déplacement du Hero dans la queue MyCharacter{name='mMrcel', HP=10, coord=Coord{row=6, col=10}}
[2025-04-29 10:59:22.772] SEVERE - GameLogic.processMoveQueue - Traitement des actions de la queueMyCharacter{name='mMrcel', HP=10, coord=Coord{row=6, col=10}} 0 1
[2025-04-29 10:59:22.798] INFO - GameLogic.moveHero - Ajout du déplacement du Hero dans la queue MyCharacter{name='mMrcel', HP=10, coord=Coord{row=6, col=11}}
[2025-04-29 10:59:22.799] SEVERE - GameLogic.processMoveQueue - Traitement des actions de la queueMyCharacter{name='mMrcel', HP=10, coord=Coord{row=6, col=11}} 0 1
[2025-04-29 10:59:22.982] INFO - GameLogic.moveHero - Ajout du déplacement du Hero dans la queue MyCharacter{name='mMrcel', HP=10, coord=Coord{row=6, col=12}}
[2025-04-29 10:59:22.982] SEVERE - GameLogic.processMoveQueue - Traitement des actions de la queueMyCharacter{name='mMrcel', HP=10, coord=Coord{row=6, col=12}} 1 0
[2025-04-29 10:59:23.205] INFO - GameLogic.moveHero - Ajout du déplacement du Hero dans la queue MyCharacter{name='mMrcel', HP=10, coord=Coord{row=7, col=12}}
[2025-04-29 10:59:23.206] SEVERE - GameLogic.processMoveQueue - Traitement des actions de la queueMyCharacter{name='mMrcel', HP=10, coord=Coord{row=7, col=12}} 1 0
[2025-04-29 10:59:23.362] INFO - GameLogic.moveHero - Ajout du déplacement du Hero dans la queue MyCharacter{name='mMrcel', HP=10, coord=Coord{row=8, col=12}}
[2025-04-29 10:59:23.363] SEVERE - GameLogic.processMoveQueue - Traitement des actions de la queueMyCharacter{name='mMrcel', HP=10, coord=Coord{row=8, col=12}} 1 0
[2025-04-29 10:59:23.533] INFO - GameLogic.moveHero - Ajout du déplacement du Hero dans la queue MyCharacter{name='mMrcel', HP=10, coord=Coord{row=9, col=12}}
[2025-04-29 10:59:23.534] SEVERE - GameLogic.processMoveQueue - Traitement des actions de la queueMyCharacter{name='mMrcel', HP=10, coord=Coord{row=9, col=12}} 1 0
[2025-04-29 10:59:23.705] INFO - GameLogic.moveHero - Ajout du déplacement du Hero dans la queue MyCharacter{name='mMrcel', HP=10, coord=Coord{row=10, col=12}}
[2025-04-29 10:59:23.705] SEVERE - GameLogic.processMoveQueue - Traitement des actions de la queueMyCharacter{name='mMrcel', HP=10, coord=Coord{row=10, col=12}} 1 0
[2025-04-29 10:59:23.892] INFO - GameLogic.moveHero - Ajout du déplacement du Hero dans la queue MyCharacter{name='mMrcel', HP=10, coord=Coord{row=11, col=12}}
[2025-04-29 10:59:23.892] SEVERE - GameLogic.processMoveQueue - Traitement des actions de la queueMyCharacter{name='mMrcel', HP=10, coord=Coord{row=11, col=12}} 1 0
[2025-04-29 10:59:24.082] INFO - GameLogic.moveHero - Ajout du déplacement du Hero dans la queue MyCharacter{name='mMrcel', HP=10, coord=Coord{row=12, col=12}}
[2025-04-29 10:59:24.082] SEVERE - GameLogic.processMoveQueue - Traitement des actions de la queueMyCharacter{name='mMrcel', HP=10, coord=Coord{row=12, col=12}} 0 -1
[2025-04-29 10:59:24.296] INFO - GameLogic.moveHero - Ajout du déplacement du Hero dans la queue MyCharacter{name='mMrcel', HP=10, coord=Coord{row=12, col=11}}
[2025-04-29 10:59:24.297] SEVERE - GameLogic.processMoveQueue - Traitement des actions de la queueMyCharacter{name='mMrcel', HP=10, coord=Coord{row=12, col=11}} 0 -1
[2025-04-29 10:59:24.476] INFO - GameLogic.moveHero - Ajout du déplacement du Hero dans la queue MyCharacter{name='mMrcel', HP=10, coord=Coord{row=12, col=10}}
[2025-04-29 10:59:24.476] SEVERE - GameLogic.processMoveQueue - Traitement des actions de la queueMyCharacter{name='mMrcel', HP=10, coord=Coord{row=12, col=10}} 0 -1
[2025-04-29 10:59:24.677] INFO - GameLogic.moveHero - Ajout du déplacement du Hero dans la queue MyCharacter{name='mMrcel', HP=10, coord=Coord{row=12, col=9}}
[2025-04-29 10:59:24.678] SEVERE - GameLogic.processMoveQueue - Traitement des actions de la queueMyCharacter{name='mMrcel', HP=10, coord=Coord{row=12, col=9}} 0 -1
[2025-04-29 10:59:24.854] INFO - GameLogic.moveHero - Ajout du déplacement du Hero dans la queue MyCharacter{name='mMrcel', HP=10, coord=Coord{row=12, col=8}}
[2025-04-29 10:59:24.855] SEVERE - GameLogic.processMoveQueue - Traitement des actions de la queueMyCharacter{name='mMrcel', HP=10, coord=Coord{row=12, col=8}} 0 -1
[2025-04-29 10:59:25.259] INFO - GameLogic.moveHero - Ajout du déplacement du Hero dans la queue MyCharacter{name='mMrcel', HP=10, coord=Coord{row=12, col=7}}
[2025-04-29 10:59:25.259] SEVERE - GameLogic.processMoveQueue - Traitement des actions de la queueMyCharacter{name='mMrcel', HP=10, coord=Coord{row=12, col=7}} 0 -1
[2025-04-29 10:59:25.350] INFO - GameLogic.moveHero - Ajout du déplacement du Hero dans la queue MyCharacter{name='mMrcel', HP=10, coord=Coord{row=12, col=6}}
[2025-04-29 10:59:25.351] SEVERE - GameLogic.processMoveQueue - Traitement des actions de la queueMyCharacter{name='mMrcel', HP=10, coord=Coord{row=12, col=6}} -1 0
[2025-04-29 10:59:25.536] INFO - GameLogic.heroShot - Tir de la flèche
[2025-04-29 10:59:25.557] SEVERE - GameLogic.processMoveQueue - Traitement des actions de la queuesrc.java.org.projet.model.modelItems.Bow@216c53bf -1 0
[2025-04-29 10:59:25.853] SEVERE - GameLogic.moveBow - Ajout du mvt de la flèche src.java.org.projet.model.modelItems.Bow@216c53bf Direction:Coord{row=-1, col=0}
[2025-04-29 10:59:25.854] SEVERE - GameLogic.processMoveQueue - Traitement des actions de la queuesrc.java.org.projet.model.modelItems.Bow@216c53bf -1 0
[2025-04-29 10:59:26.036] INFO - GameLogic.moveHero - Ajout du déplacement du Hero dans la queue MyCharacter{name='mMrcel', HP=10, coord=Coord{row=11, col=6}}
[2025-04-29 10:59:26.037] SEVERE - GameLogic.processMoveQueue - Traitement des actions de la queueMyCharacter{name='mMrcel', HP=10, coord=Coord{row=11, col=6}} 0 1
[2025-04-29 10:59:26.205] SEVERE - GameLogic.moveBow - Ajout du mvt de la flèche src.java.org.projet.model.modelItems.Bow@216c53bf Direction:Coord{row=-1, col=0}
[2025-04-29 10:59:26.205] SEVERE - GameLogic.processMoveQueue - Traitement des actions de la queuesrc.java.org.projet.model.modelItems.Bow@216c53bf -1 0
[2025-04-29 10:59:26.274] INFO - GameLogic.moveHero - Ajout du déplacement du Hero dans la queue MyCharacter{name='mMrcel', HP=10, coord=Coord{row=11, col=7}}
[2025-04-29 10:59:26.274] SEVERE - GameLogic.processMoveQueue - Traitement des actions de la queueMyCharacter{name='mMrcel', HP=10, coord=Coord{row=11, col=7}} 0 1
[2025-04-29 10:59:26.413] INFO - GameLogic.moveHero - Ajout du déplacement du Hero dans la queue MyCharacter{name='mMrcel', HP=10, coord=Coord{row=11, col=8}}
[2025-04-29 10:59:26.413] SEVERE - GameLogic.processMoveQueue - Traitement des actions de la queueMyCharacter{name='mMrcel', HP=10, coord=Coord{row=11, col=8}} -1 0
[2025-04-29 10:59:26.557] SEVERE - GameLogic.moveBow - Ajout du mvt de la flèche src.java.org.projet.model.modelItems.Bow@216c53bf Direction:Coord{row=-1, col=0}
[2025-04-29 10:59:26.558] SEVERE - GameLogic.processMoveQueue - Traitement des actions de la queuesrc.java.org.projet.model.modelItems.Bow@216c53bf -1 0
[2025-04-29 10:59:26.584] INFO - GameLogic.heroShot - Tir de la flèche
[2025-04-29 10:59:26.605] SEVERE - GameLogic.processMoveQueue - Traitement des actions de la queuesrc.java.org.projet.model.modelItems.Bow@2e08998 -1 0
[2025-04-29 10:59:26.750] INFO - GameLogic.moveHero - Ajout du déplacement du Hero dans la queue MyCharacter{name='mMrcel', HP=10, coord=Coord{row=10, col=8}}
[2025-04-29 10:59:26.750] SEVERE - GameLogic.processMoveQueue - Traitement des actions de la queueMyCharacter{name='mMrcel', HP=10, coord=Coord{row=10, col=8}} 0 1
[2025-04-29 10:59:26.909] SEVERE - GameLogic.moveBow - Ajout du mvt de la flèche src.java.org.projet.model.modelItems.Bow@216c53bf Direction:Coord{row=-1, col=0}
[2025-04-29 10:59:26.910] SEVERE - GameLogic.moveBow - Ajout du mvt de la flèche src.java.org.projet.model.modelItems.Bow@2e08998 Direction:Coord{row=-1, col=0}
[2025-04-29 10:59:26.910] SEVERE - GameLogic.processMoveQueue - Traitement des actions de la queuesrc.java.org.projet.model.modelItems.Bow@216c53bf -1 0
[2025-04-29 10:59:26.918] SEVERE - GameLogic.processMoveQueue - Traitement des actions de la queuesrc.java.org.projet.model.modelItems.Bow@2e08998 -1 0
[2025-04-29 10:59:26.999] INFO - GameLogic.moveHero - Ajout du déplacement du Hero dans la queue MyCharacter{name='mMrcel', HP=10, coord=Coord{row=10, col=9}}
[2025-04-29 10:59:26.999] SEVERE - GameLogic.processMoveQueue - Traitement des actions de la queueMyCharacter{name='mMrcel', HP=10, coord=Coord{row=10, col=9}} 0 1
[2025-04-29 10:59:27.120] INFO - GameLogic.moveHero - Ajout du déplacement du Hero dans la queue MyCharacter{name='mMrcel', HP=10, coord=Coord{row=10, col=10}}
[2025-04-29 10:59:27.120] SEVERE - GameLogic.processMoveQueue - Traitement des actions de la queueMyCharacter{name='mMrcel', HP=10, coord=Coord{row=10, col=10}} -1 0
[2025-04-29 10:59:27.261] SEVERE - GameLogic.moveBow - Ajout du mvt de la flèche src.java.org.projet.model.modelItems.Bow@216c53bf Direction:Coord{row=-1, col=0}
[2025-04-29 10:59:27.261] SEVERE - GameLogic.moveBow - Ajout du mvt de la flèche src.java.org.projet.model.modelItems.Bow@2e08998 Direction:Coord{row=-1, col=0}
[2025-04-29 10:59:27.261] SEVERE - GameLogic.processMoveQueue - Traitement des actions de la queuesrc.java.org.projet.model.modelItems.Bow@216c53bf -1 0
[2025-04-29 10:59:27.269] SEVERE - GameLogic.processMoveQueue - Traitement des actions de la queuesrc.java.org.projet.model.modelItems.Bow@2e08998 -1 0
[2025-04-29 10:59:27.427] INFO - GameLogic.heroShot - Tir de la flèche
[2025-04-29 10:59:27.469] SEVERE - GameLogic.processMoveQueue - Traitement des actions de la queuesrc.java.org.projet.model.modelItems.Bow@56b2475f -1 0
[2025-04-29 10:59:27.613] SEVERE - GameLogic.moveBow - Ajout du mvt de la flèche src.java.org.projet.model.modelItems.Bow@216c53bf Direction:Coord{row=-1, col=0}
[2025-04-29 10:59:27.613] SEVERE - GameLogic.moveBow - Ajout du mvt de la flèche src.java.org.projet.model.modelItems.Bow@2e08998 Direction:Coord{row=-1, col=0}
[2025-04-29 10:59:27.613] SEVERE - GameLogic.processMoveQueue - Traitement des actions de la queuesrc.java.org.projet.model.modelItems.Bow@216c53bf -1 0
[2025-04-29 10:59:27.618] SEVERE - GameLogic.processMoveQueue - Traitement des actions de la queuesrc.java.org.projet.model.modelItems.Bow@2e08998 -1 0
[2025-04-29 10:59:27.646] INFO - GameLogic.moveHero - Ajout du déplacement du Hero dans la queue MyCharacter{name='mMrcel', HP=10, coord=Coord{row=9, col=10}}
[2025-04-29 10:59:27.647] SEVERE - GameLogic.processMoveQueue - Traitement des actions de la queueMyCharacter{name='mMrcel', HP=10, coord=Coord{row=9, col=10}} -1 0
[2025-04-29 10:59:27.759] SEVERE - GameLogic.moveBow - Ajout du mvt de la flèche src.java.org.projet.model.modelItems.Bow@56b2475f Direction:Coord{row=-1, col=0}
[2025-04-29 10:59:27.760] SEVERE - GameLogic.processMoveQueue - Traitement des actions de la queuesrc.java.org.projet.model.modelItems.Bow@56b2475f -1 0
[2025-04-29 10:59:27.855] INFO - GameLogic.moveHero - Ajout du déplacement du Hero dans la queue MyCharacter{name='mMrcel', HP=10, coord=Coord{row=8, col=10}}
[2025-04-29 10:59:27.855] SEVERE - GameLogic.processMoveQueue - Traitement des actions de la queueMyCharacter{name='mMrcel', HP=10, coord=Coord{row=8, col=10}} -1 0
[2025-04-29 10:59:27.965] SEVERE - GameLogic.moveBow - Ajout du mvt de la flèche src.java.org.projet.model.modelItems.Bow@216c53bf Direction:Coord{row=-1, col=0}
[2025-04-29 10:59:27.966] SEVERE - GameLogic.moveBow - Ajout du mvt de la flèche src.java.org.projet.model.modelItems.Bow@2e08998 Direction:Coord{row=-1, col=0}
[2025-04-29 10:59:27.966] SEVERE - GameLogic.processMoveQueue - Traitement des actions de la queuesrc.java.org.projet.model.modelItems.Bow@216c53bf -1 0
[2025-04-29 10:59:27.970] SEVERE - GameLogic.processMoveQueue - Traitement des actions de la queuesrc.java.org.projet.model.modelItems.Bow@2e08998 -1 0
[2025-04-29 10:59:28.049] INFO - GameLogic.moveHero - Ajout du déplacement du Hero dans la queue MyCharacter{name='mMrcel', HP=10, coord=Coord{row=7, col=10}}
[2025-04-29 10:59:28.049] SEVERE - GameLogic.processMoveQueue - Traitement des actions de la queueMyCharacter{name='mMrcel', HP=10, coord=Coord{row=7, col=10}} -1 0
[2025-04-29 10:59:28.109] SEVERE - GameLogic.moveBow - Ajout du mvt de la flèche src.java.org.projet.model.modelItems.Bow@56b2475f Direction:Coord{row=-1, col=0}
[2025-04-29 10:59:28.110] SEVERE - GameLogic.processMoveQueue - Traitement des actions de la queuesrc.java.org.projet.model.modelItems.Bow@56b2475f -1 0
[2025-04-29 10:59:28.280] INFO - GameLogic.moveHero - Ajout du déplacement du Hero dans la queue MyCharacter{name='mMrcel', HP=10, coord=Coord{row=7, col=10}}
[2025-04-29 10:59:28.280] SEVERE - GameLogic.processMoveQueue - Traitement des actions de la queueMyCharacter{name='mMrcel', HP=10, coord=Coord{row=7, col=10}} -1 0
[2025-04-29 10:59:28.317] SEVERE - GameLogic.moveBow - Ajout du mvt de la flèche src.java.org.projet.model.modelItems.Bow@216c53bf Direction:Coord{row=-1, col=0}
[2025-04-29 10:59:28.318] SEVERE - GameLogic.moveBow - Ajout du mvt de la flèche src.java.org.projet.model.modelItems.Bow@2e08998 Direction:Coord{row=-1, col=0}
[2025-04-29 10:59:28.318] SEVERE - GameLogic.processMoveQueue - Traitement des actions de la queuesrc.java.org.projet.model.modelItems.Bow@216c53bf -1 0
[2025-04-29 10:59:28.329] SEVERE - GameLogic.processMoveQueue - Traitement des actions de la queuesrc.java.org.projet.model.modelItems.Bow@2e08998 -1 0
[2025-04-29 10:59:28.451] INFO - GameLogic.moveHero - Ajout du déplacement du Hero dans la queue MyCharacter{name='mMrcel', HP=10, coord=Coord{row=6, col=10}}
[2025-04-29 10:59:28.451] SEVERE - GameLogic.processMoveQueue - Traitement des actions de la queueMyCharacter{name='mMrcel', HP=10, coord=Coord{row=6, col=10}} 0 -1
[2025-04-29 10:59:28.461] SEVERE - GameLogic.moveBow - Ajout du mvt de la flèche src.java.org.projet.model.modelItems.Bow@56b2475f Direction:Coord{row=-1, col=0}
[2025-04-29 10:59:28.470] SEVERE - GameLogic.processMoveQueue - Traitement des actions de la queuesrc.java.org.projet.model.modelItems.Bow@56b2475f -1 0
[2025-04-29 10:59:28.653] SEVERE - GameLogic.moveBow - Ajout du mvt de la flèche src.java.org.projet.model.modelItems.Bow@216c53bf Direction:Coord{row=-1, col=0}
[2025-04-29 10:59:28.654] SEVERE - GameLogic.moveBow - Ajout du mvt de la flèche src.java.org.projet.model.modelItems.Bow@2e08998 Direction:Coord{row=-1, col=0}
[2025-04-29 10:59:28.654] SEVERE - GameLogic.processMoveQueue - Traitement des actions de la queuesrc.java.org.projet.model.modelItems.Bow@216c53bf -1 0
[2025-04-29 10:59:28.664] SEVERE - GameLogic.processMoveQueue - Traitement des actions de la queuesrc.java.org.projet.model.modelItems.Bow@2e08998 -1 0
[2025-04-29 10:59:28.680] INFO - GameLogic.moveHero - Ajout du déplacement du Hero dans la queue MyCharacter{name='mMrcel', HP=10, coord=Coord{row=6, col=9}}
[2025-04-29 10:59:28.680] SEVERE - GameLogic.processMoveQueue - Traitement des actions de la queueMyCharacter{name='mMrcel', HP=10, coord=Coord{row=6, col=9}} 0 -1
[2025-04-29 10:59:28.813] SEVERE - GameLogic.moveBow - Ajout du mvt de la flèche src.java.org.projet.model.modelItems.Bow@56b2475f Direction:Coord{row=-1, col=0}
[2025-04-29 10:59:28.813] SEVERE - GameLogic.processMoveQueue - Traitement des actions de la queuesrc.java.org.projet.model.modelItems.Bow@56b2475f -1 0
[2025-04-29 10:59:28.831] INFO - GameLogic.heroShot - Tir de la flèche
[2025-04-29 10:59:28.854] SEVERE - GameLogic.processMoveQueue - Traitement des actions de la queuesrc.java.org.projet.model.modelItems.Bow@2920c25c 0 -1
[2025-04-29 10:59:29.005] SEVERE - GameLogic.moveBow - Ajout du mvt de la flèche src.java.org.projet.model.modelItems.Bow@216c53bf Direction:Coord{row=-1, col=0}
[2025-04-29 10:59:29.005] SEVERE - GameLogic.moveBow - Ajout du mvt de la flèche src.java.org.projet.model.modelItems.Bow@2e08998 Direction:Coord{row=-1, col=0}
[2025-04-29 10:59:29.006] SEVERE - GameLogic.processMoveQueue - Traitement des actions de la queuesrc.java.org.projet.model.modelItems.Bow@216c53bf -1 0
[2025-04-29 10:59:29.011] SEVERE - GameLogic.processMoveQueue - Traitement des actions de la queuesrc.java.org.projet.model.modelItems.Bow@2e08998 -1 0
[2025-04-29 10:59:29.074] INFO - GameLogic.moveHero - Ajout du déplacement du Hero dans la queue MyCharacter{name='mMrcel', HP=10, coord=Coord{row=6, col=8}}
[2025-04-29 10:59:29.075] SEVERE - GameLogic.processMoveQueue - Traitement des actions de la queueMyCharacter{name='mMrcel', HP=10, coord=Coord{row=6, col=8}} 1 0
[2025-04-29 10:59:29.165] SEVERE - GameLogic.moveBow - Ajout du mvt de la flèche src.java.org.projet.model.modelItems.Bow@56b2475f Direction:Coord{row=-1, col=0}
[2025-04-29 10:59:29.165] SEVERE - GameLogic.moveBow - Ajout du mvt de la flèche src.java.org.projet.model.modelItems.Bow@2920c25c Direction:Coord{row=0, col=-1}
[2025-04-29 10:59:29.166] SEVERE - GameLogic.processMoveQueue - Traitement des actions de la queuesrc.java.org.projet.model.modelItems.Bow@56b2475f -1 0
[2025-04-29 10:59:29.178] SEVERE - GameLogic.processMoveQueue - Traitement des actions de la queuesrc.java.org.projet.model.modelItems.Bow@2920c25c 0 -1
[2025-04-29 10:59:29.276] INFO - GameLogic.moveHero - Ajout du déplacement du Hero dans la queue MyCharacter{name='mMrcel', HP=10, coord=Coord{row=7, col=8}}
[2025-04-29 10:59:29.276] SEVERE - GameLogic.processMoveQueue - Traitement des actions de la queueMyCharacter{name='mMrcel', HP=10, coord=Coord{row=7, col=8}} 1 0
[2025-04-29 10:59:29.357] SEVERE - GameLogic.moveBow - Ajout du mvt de la flèche src.java.org.projet.model.modelItems.Bow@2e08998 Direction:Coord{row=-1, col=0}
[2025-04-29 10:59:29.358] SEVERE - GameLogic.processMoveQueue - Traitement des actions de la queuesrc.java.org.projet.model.modelItems.Bow@2e08998 -1 0
[2025-04-29 10:59:29.462] INFO - GameLogic.moveHero - Ajout du déplacement du Hero dans la queue MyCharacter{name='mMrcel', HP=10, coord=Coord{row=8, col=8}}
[2025-04-29 10:59:29.463] SEVERE - GameLogic.processMoveQueue - Traitement des actions de la queueMyCharacter{name='mMrcel', HP=10, coord=Coord{row=8, col=8}} 0 -1
[2025-04-29 10:59:29.517] SEVERE - GameLogic.moveBow - Ajout du mvt de la flèche src.java.org.projet.model.modelItems.Bow@56b2475f Direction:Coord{row=-1, col=0}
[2025-04-29 10:59:29.517] SEVERE - GameLogic.moveBow - Ajout du mvt de la flèche src.java.org.projet.model.modelItems.Bow@2920c25c Direction:Coord{row=0, col=-1}
[2025-04-29 10:59:29.518] SEVERE - GameLogic.processMoveQueue - Traitement des actions de la queuesrc.java.org.projet.model.modelItems.Bow@56b2475f -1 0
[2025-04-29 10:59:29.528] SEVERE - GameLogic.processMoveQueue - Traitement des actions de la queuesrc.java.org.projet.model.modelItems.Bow@2920c25c 0 -1
[2025-04-29 10:59:29.685] INFO - GameLogic.moveHero - Ajout du déplacement du Hero dans la queue MyCharacter{name='mMrcel', HP=10, coord=Coord{row=8, col=7}}
[2025-04-29 10:59:29.686] SEVERE - GameLogic.processMoveQueue - Traitement des actions de la queueMyCharacter{name='mMrcel', HP=10, coord=Coord{row=8, col=7}} 0 -1
[2025-04-29 10:59:29.709] SEVERE - GameLogic.moveBow - Ajout du mvt de la flèche src.java.org.projet.model.modelItems.Bow@2e08998 Direction:Coord{row=-1, col=0}
[2025-04-29 10:59:29.709] SEVERE - GameLogic.processMoveQueue - Traitement des actions de la queuesrc.java.org.projet.model.modelItems.Bow@2e08998 -1 0
[2025-04-29 10:59:29.853] SEVERE - GameLogic.moveBow - Ajout du mvt de la flèche src.java.org.projet.model.modelItems.Bow@56b2475f Direction:Coord{row=-1, col=0}
[2025-04-29 10:59:29.853] SEVERE - GameLogic.moveBow - Ajout du mvt de la flèche src.java.org.projet.model.modelItems.Bow@2920c25c Direction:Coord{row=0, col=-1}
[2025-04-29 10:59:29.854] SEVERE - GameLogic.processMoveQueue - Traitement des actions de la queuesrc.java.org.projet.model.modelItems.Bow@56b2475f -1 0
[2025-04-29 10:59:29.862] SEVERE - GameLogic.processMoveQueue - Traitement des actions de la queuesrc.java.org.projet.model.modelItems.Bow@2920c25c 0 -1
[2025-04-29 10:59:30.192] INFO - GameLogic.moveHero - Ajout du déplacement du Hero dans la queue MyCharacter{name='mMrcel', HP=10, coord=Coord{row=8, col=6}}
[2025-04-29 10:59:30.192] SEVERE - GameLogic.processMoveQueue - Traitement des actions de la queueMyCharacter{name='mMrcel', HP=10, coord=Coord{row=8, col=6}} 0 -1
[2025-04-29 10:59:30.205] SEVERE - GameLogic.moveBow - Ajout du mvt de la flèche src.java.org.projet.model.modelItems.Bow@56b2475f Direction:Coord{row=-1, col=0}
[2025-04-29 10:59:30.205] SEVERE - GameLogic.moveBow - Ajout du mvt de la flèche src.java.org.projet.model.modelItems.Bow@2920c25c Direction:Coord{row=0, col=-1}
[2025-04-29 10:59:30.206] SEVERE - GameLogic.processMoveQueue - Traitement des actions de la queuesrc.java.org.projet.model.modelItems.Bow@56b2475f -1 0
[2025-04-29 10:59:30.210] SEVERE - GameLogic.processMoveQueue - Traitement des actions de la queuesrc.java.org.projet.model.modelItems.Bow@2920c25c 0 -1
[2025-04-29 10:59:30.233] INFO - GameLogic.moveHero - Ajout du déplacement du Hero dans la queue MyCharacter{name='mMrcel', HP=10, coord=Coord{row=8, col=5}}
[2025-04-29 10:59:30.233] SEVERE - GameLogic.processMoveQueue - Traitement des actions de la queueMyCharacter{name='mMrcel', HP=10, coord=Coord{row=8, col=5}} 0 -1
[2025-04-29 10:59:30.261] INFO - GameLogic.moveHero - Ajout du déplacement du Hero dans la queue MyCharacter{name='mMrcel', HP=10, coord=Coord{row=8, col=4}}
[2025-04-29 10:59:30.261] SEVERE - GameLogic.processMoveQueue - Traitement des actions de la queueMyCharacter{name='mMrcel', HP=10, coord=Coord{row=8, col=4}} 0 -1
[2025-04-29 10:59:30.291] INFO - GameLogic.moveHero - Ajout du déplacement du Hero dans la queue MyCharacter{name='mMrcel', HP=10, coord=Coord{row=8, col=3}}
[2025-04-29 10:59:30.291] SEVERE - GameLogic.processMoveQueue - Traitement des actions de la queueMyCharacter{name='mMrcel', HP=10, coord=Coord{row=8, col=3}} 0 -1
[2025-04-29 10:59:30.329] INFO - GameLogic.moveHero - Ajout du déplacement du Hero dans la queue MyCharacter{name='mMrcel', HP=10, coord=Coord{row=8, col=2}}
[2025-04-29 10:59:30.330] SEVERE - GameLogic.processMoveQueue - Traitement des actions de la queueMyCharacter{name='mMrcel', HP=10, coord=Coord{row=8, col=2}} 0 -1
[2025-04-29 10:59:30.557] SEVERE - GameLogic.moveBow - Ajout du mvt de la flèche src.java.org.projet.model.modelItems.Bow@2920c25c Direction:Coord{row=0, col=-1}
[2025-04-29 10:59:30.557] SEVERE - GameLogic.processMoveQueue - Traitement des actions de la queuesrc.java.org.projet.model.modelItems.Bow@2920c25c 0 -1
[2025-04-29 10:59:30.584] INFO - GameLogic.moveHero - Ajout du déplacement du Hero dans la queue MyCharacter{name='mMrcel', HP=10, coord=Coord{row=8, col=1}}
[2025-04-29 10:59:30.584] SEVERE - GameLogic.processMoveQueue - Traitement des actions de la queueMyCharacter{name='mMrcel', HP=10, coord=Coord{row=8, col=1}} -1 0
[2025-04-29 10:59:30.837] INFO - GameLogic.moveHero - Ajout du déplacement du Hero dans la queue MyCharacter{name='mMrcel', HP=10, coord=Coord{row=7, col=1}}
[2025-04-29 10:59:30.837] SEVERE - GameLogic.processMoveQueue - Traitement des actions de la queueMyCharacter{name='mMrcel', HP=10, coord=Coord{row=7, col=1}} -1 0
[2025-04-29 10:59:30.909] SEVERE - GameLogic.moveBow - Ajout du mvt de la flèche src.java.org.projet.model.modelItems.Bow@2920c25c Direction:Coord{row=0, col=-1}
[2025-04-29 10:59:30.909] SEVERE - GameLogic.processMoveQueue - Traitement des actions de la queuesrc.java.org.projet.model.modelItems.Bow@2920c25c 0 -1
[2025-04-29 10:59:31.261] SEVERE - GameLogic.moveBow - Ajout du mvt de la flèche src.java.org.projet.model.modelItems.Bow@2920c25c Direction:Coord{row=0, col=-1}
[2025-04-29 10:59:31.262] SEVERE - GameLogic.processMoveQueue - Traitement des actions de la queuesrc.java.org.projet.model.modelItems.Bow@2920c25c 0 -1
[2025-04-29 10:59:31.425] INFO - GameLogic.moveHero - Ajout du déplacement du Hero dans la queue MyCharacter{name='mMrcel', HP=10, coord=Coord{row=7, col=1}}
[2025-04-29 10:59:31.425] SEVERE - GameLogic.processMoveQueue - Traitement des actions de la queueMyCharacter{name='mMrcel', HP=10, coord=Coord{row=7, col=1}} 0 1
[2025-04-29 10:59:31.691] INFO - GameLogic.moveHero - Ajout du déplacement du Hero dans la queue MyCharacter{name='mMrcel', HP=10, coord=Coord{row=7, col=2}}
[2025-04-29 10:59:31.691] SEVERE - GameLogic.processMoveQueue - Traitement des actions de la queueMyCharacter{name='mMrcel', HP=10, coord=Coord{row=7, col=2}} 0 1
[2025-04-29 10:59:31.908] INFO - GameLogic.moveHero - Ajout du déplacement du Hero dans la queue MyCharacter{name='mMrcel', HP=10, coord=Coord{row=7, col=3}}
[2025-04-29 10:59:31.909] SEVERE - GameLogic.processMoveQueue - Traitement des actions de la queueMyCharacter{name='mMrcel', HP=10, coord=Coord{row=7, col=3}} -1 0
