[2025-04-29 09:52:58.477] INFO - MatrixLvLEditorView.removeItemFromGridPane - Noeud à supprimer de la grille : [Rectangle[x=0.0, y=0.0, width=40.0, height=40.0, fill=0x00000000, stroke=0x00000000, strokeWidth=1.0]]
[2025-04-29 09:52:58.480] INFO - MatrixLvLEditorView.removeItemFromGridPane - Éléments supprimés de la grille removeAllItemsFromGridPane
[2025-04-29 09:52:58.849] INFO - MatrixLvLEditorView.removeItemFromGridPane - Noeud à supprimer de la grille : [StackPane@28f2beaf]
[2025-04-29 09:52:58.850] INFO - MatrixLvLEditorView.removeItemFromGridPane - Éléments supprimés de la grille removeAllItemsFromGridPane
[2025-04-29 09:52:58.992] INFO - MatrixLvLEditorView.removeItemFromGridPane - Noeud à supprimer de la grille : [Rectangle[x=0.0, y=0.0, width=40.0, height=40.0, fill=0x00000000, stroke=0x00000000, strokeWidth=1.0], StackPane@413e9726]
[2025-04-29 09:52:58.994] INFO - MatrixLvLEditorView.removeItemFromGridPane - Éléments supprimés de la grille removeAllItemsFromGridPane
[2025-04-29 09:52:59.181] INFO - MatrixLvLEditorView.removeItemFromGridPane - Noeud à supprimer de la grille : [Rectangle[x=0.0, y=0.0, width=40.0, height=40.0, fill=0x00000000, stroke=0x00000000, strokeWidth=1.0], StackPane@302d6c35]
[2025-04-29 09:52:59.183] INFO - MatrixLvLEditorView.removeItemFromGridPane - Éléments supprimés de la grille removeAllItemsFromGridPane
[2025-04-29 09:52:59.358] INFO - MatrixLvLEditorView.removeItemFromGridPane - Noeud à supprimer de la grille : [Rectangle[x=0.0, y=0.0, width=40.0, height=40.0, fill=0x00000000, stroke=0x00000000, strokeWidth=1.0], StackPane@11eb3fe2]
[2025-04-29 09:52:59.359] INFO - MatrixLvLEditorView.removeItemFromGridPane - Éléments supprimés de la grille removeAllItemsFromGridPane
[2025-04-29 09:52:59.540] INFO - MatrixLvLEditorView.removeItemFromGridPane - Noeud à supprimer de la grille : [Rectangle[x=0.0, y=0.0, width=40.0, height=40.0, fill=0x00000000, stroke=0x00000000, strokeWidth=1.0], StackPane@4e80ed78]
[2025-04-29 09:52:59.542] INFO - MatrixLvLEditorView.removeItemFromGridPane - Éléments supprimés de la grille removeAllItemsFromGridPane
[2025-04-29 09:52:59.724] INFO - MatrixLvLEditorView.removeItemFromGridPane - Noeud à supprimer de la grille : [Rectangle[x=0.0, y=0.0, width=40.0, height=40.0, fill=0x00000000, stroke=0x00000000, strokeWidth=1.0], StackPane@7c7d1f86]
[2025-04-29 09:52:59.725] INFO - MatrixLvLEditorView.removeItemFromGridPane - Éléments supprimés de la grille removeAllItemsFromGridPane
[2025-04-29 09:52:59.892] INFO - MatrixLvLEditorView.removeItemFromGridPane - Noeud à supprimer de la grille : [Rectangle[x=0.0, y=0.0, width=40.0, height=40.0, fill=0x00000000, stroke=0x00000000, strokeWidth=1.0], StackPane@6849aeac]
[2025-04-29 09:52:59.894] INFO - MatrixLvLEditorView.removeItemFromGridPane - Éléments supprimés de la grille removeAllItemsFromGridPane
[2025-04-29 09:53:00.062] INFO - MatrixLvLEditorView.removeItemFromGridPane - Noeud à supprimer de la grille : [Rectangle[x=0.0, y=0.0, width=40.0, height=40.0, fill=0x00000000, stroke=0x00000000, strokeWidth=1.0], StackPane@5c9ef9f6]
[2025-04-29 09:53:00.063] INFO - MatrixLvLEditorView.removeItemFromGridPane - Éléments supprimés de la grille removeAllItemsFromGridPane
[2025-04-29 09:53:00.248] INFO - MatrixLvLEditorView.removeItemFromGridPane - Noeud à supprimer de la grille : [Rectangle[x=0.0, y=0.0, width=40.0, height=40.0, fill=0x00000000, stroke=0x00000000, strokeWidth=1.0], StackPane@ffde2f]
[2025-04-29 09:53:00.250] INFO - MatrixLvLEditorView.removeItemFromGridPane - Éléments supprimés de la grille removeAllItemsFromGridPane
[2025-04-29 09:53:00.427] INFO - MatrixLvLEditorView.removeItemFromGridPane - Noeud à supprimer de la grille : [Rectangle[x=0.0, y=0.0, width=40.0, height=40.0, fill=0x00000000, stroke=0x00000000, strokeWidth=1.0], StackPane@71451ab8]
[2025-04-29 09:53:00.428] INFO - MatrixLvLEditorView.removeItemFromGridPane - Éléments supprimés de la grille removeAllItemsFromGridPane
[2025-04-29 09:53:00.651] INFO - MatrixLvLEditorView.removeItemFromGridPane - Noeud à supprimer de la grille : [Rectangle[x=0.0, y=0.0, width=40.0, height=40.0, fill=0x00000000, stroke=0x00000000, strokeWidth=1.0], StackPane@7b55fab2]
[2025-04-29 09:53:00.653] INFO - MatrixLvLEditorView.removeItemFromGridPane - Éléments supprimés de la grille removeAllItemsFromGridPane
[2025-04-29 09:53:01.037] INFO - MatrixLvLEditorView.removeItemFromGridPane - Noeud à supprimer de la grille : [Rectangle[x=0.0, y=0.0, width=40.0, height=40.0, fill=0x00000000, stroke=0x00000000, strokeWidth=1.0], StackPane@15345b52]
[2025-04-29 09:53:01.039] INFO - MatrixLvLEditorView.removeItemFromGridPane - Éléments supprimés de la grille removeAllItemsFromGridPane
[2025-04-29 09:53:01.446] INFO - MatrixLvLEditorView.removeItemFromGridPane - Noeud à supprimer de la grille : [Rectangle[x=0.0, y=0.0, width=40.0, height=40.0, fill=0x00000000, stroke=0x00000000, strokeWidth=1.0], StackPane@7f86c098]
[2025-04-29 09:53:01.447] INFO - MatrixLvLEditorView.removeItemFromGridPane - Éléments supprimés de la grille removeAllItemsFromGridPane
[2025-04-29 09:53:01.798] INFO - MatrixLvLEditorView.removeItemFromGridPane - Noeud à supprimer de la grille : [Rectangle[x=0.0, y=0.0, width=40.0, height=40.0, fill=0x00000000, stroke=0x00000000, strokeWidth=1.0], StackPane@74259400]
[2025-04-29 09:53:01.800] INFO - MatrixLvLEditorView.removeItemFromGridPane - Éléments supprimés de la grille removeAllItemsFromGridPane
[2025-04-29 09:53:01.927] INFO - MatrixLvLEditorView.removeItemFromGridPane - Noeud à supprimer de la grille : [Rectangle[x=0.0, y=0.0, width=40.0, height=40.0, fill=0x00000000, stroke=0x00000000, strokeWidth=1.0], StackPane@58186d91]
[2025-04-29 09:53:01.929] INFO - MatrixLvLEditorView.removeItemFromGridPane - Éléments supprimés de la grille removeAllItemsFromGridPane
[2025-04-29 09:53:02.054] INFO - MatrixLvLEditorView.removeItemFromGridPane - Noeud à supprimer de la grille : [Rectangle[x=0.0, y=0.0, width=40.0, height=40.0, fill=0x00000000, stroke=0x00000000, strokeWidth=1.0], StackPane@4c5f3589]
[2025-04-29 09:53:02.056] INFO - MatrixLvLEditorView.removeItemFromGridPane - Éléments supprimés de la grille removeAllItemsFromGridPane
[2025-04-29 09:53:02.334] INFO - MatrixLvLEditorView.removeItemFromGridPane - Noeud à supprimer de la grille : [Rectangle[x=0.0, y=0.0, width=40.0, height=40.0, fill=0x00000000, stroke=0x00000000, strokeWidth=1.0], StackPane@437dac6]
[2025-04-29 09:53:02.336] INFO - MatrixLvLEditorView.removeItemFromGridPane - Éléments supprimés de la grille removeAllItemsFromGridPane
[2025-04-29 09:53:02.527] INFO - MatrixLvLEditorView.removeItemFromGridPane - Noeud à supprimer de la grille : [Rectangle[x=0.0, y=0.0, width=40.0, height=40.0, fill=0x00000000, stroke=0x00000000, strokeWidth=1.0], StackPane@2bb885ca]
[2025-04-29 09:53:02.529] INFO - MatrixLvLEditorView.removeItemFromGridPane - Éléments supprimés de la grille removeAllItemsFromGridPane
[2025-04-29 09:53:02.712] INFO - MatrixLvLEditorView.removeItemFromGridPane - Noeud à supprimer de la grille : [Rectangle[x=0.0, y=0.0, width=40.0, height=40.0, fill=0x00000000, stroke=0x00000000, strokeWidth=1.0], StackPane@970ffd1]
[2025-04-29 09:53:02.714] INFO - MatrixLvLEditorView.removeItemFromGridPane - Éléments supprimés de la grille removeAllItemsFromGridPane
[2025-04-29 09:53:02.912] INFO - MatrixLvLEditorView.removeItemFromGridPane - Noeud à supprimer de la grille : [Rectangle[x=0.0, y=0.0, width=40.0, height=40.0, fill=0x00000000, stroke=0x00000000, strokeWidth=1.0], StackPane@243702e8]
[2025-04-29 09:53:02.913] INFO - MatrixLvLEditorView.removeItemFromGridPane - Éléments supprimés de la grille removeAllItemsFromGridPane
[2025-04-29 09:53:03.095] INFO - MatrixLvLEditorView.removeItemFromGridPane - Noeud à supprimer de la grille : [Rectangle[x=0.0, y=0.0, width=40.0, height=40.0, fill=0x00000000, stroke=0x00000000, strokeWidth=1.0], StackPane@321ff2ca]
[2025-04-29 09:53:03.097] INFO - MatrixLvLEditorView.removeItemFromGridPane - Éléments supprimés de la grille removeAllItemsFromGridPane
[2025-04-29 09:53:03.286] INFO - MatrixLvLEditorView.removeItemFromGridPane - Noeud à supprimer de la grille : [Rectangle[x=0.0, y=0.0, width=40.0, height=40.0, fill=0x00000000, stroke=0x00000000, strokeWidth=1.0], StackPane@6f5fbf05]
[2025-04-29 09:53:03.287] INFO - MatrixLvLEditorView.removeItemFromGridPane - Éléments supprimés de la grille removeAllItemsFromGridPane
[2025-04-29 09:53:03.471] INFO - MatrixLvLEditorView.removeItemFromGridPane - Noeud à supprimer de la grille : [Rectangle[x=0.0, y=0.0, width=40.0, height=40.0, fill=0x00000000, stroke=0x00000000, strokeWidth=1.0], StackPane@50a8b58a]
[2025-04-29 09:53:03.472] INFO - MatrixLvLEditorView.removeItemFromGridPane - Éléments supprimés de la grille removeAllItemsFromGridPane
[2025-04-29 09:53:03.691] INFO - MatrixLvLEditorView.removeItemFromGridPane - Noeud à supprimer de la grille : [Rectangle[x=0.0, y=0.0, width=40.0, height=40.0, fill=0x00000000, stroke=0x00000000, strokeWidth=1.0], StackPane@70489f5e]
[2025-04-29 09:53:03.692] INFO - MatrixLvLEditorView.removeItemFromGridPane - Éléments supprimés de la grille removeAllItemsFromGridPane
[2025-04-29 09:53:03.755] INFO - MatrixLvLEditorView.removeItemFromGridPane - Noeud à supprimer de la grille : [Rectangle[x=0.0, y=0.0, width=40.0, height=40.0, fill=0x00000000, stroke=0x00000000, strokeWidth=1.0], StackPane@5472f99b]
[2025-04-29 09:53:03.756] INFO - MatrixLvLEditorView.removeItemFromGridPane - Éléments supprimés de la grille removeAllItemsFromGridPane
[2025-04-29 09:53:03.923] INFO - MatrixLvLEditorView.removeItemFromGridPane - Noeud à supprimer de la grille : [Rectangle[x=0.0, y=0.0, width=40.0, height=40.0, fill=0x00000000, stroke=0x00000000, strokeWidth=1.0], StackPane@2679fc7a]
[2025-04-29 09:53:03.924] INFO - MatrixLvLEditorView.removeItemFromGridPane - Éléments supprimés de la grille removeAllItemsFromGridPane
[2025-04-29 09:53:04.130] INFO - MatrixLvLEditorView.removeItemFromGridPane - Noeud à supprimer de la grille : [Rectangle[x=0.0, y=0.0, width=40.0, height=40.0, fill=0x00000000, stroke=0x00000000, strokeWidth=1.0], StackPane@67c4d647]
[2025-04-29 09:53:04.132] INFO - MatrixLvLEditorView.removeItemFromGridPane - Éléments supprimés de la grille removeAllItemsFromGridPane
[2025-04-29 09:53:04.362] INFO - MatrixLvLEditorView.removeItemFromGridPane - Noeud à supprimer de la grille : [Rectangle[x=0.0, y=0.0, width=40.0, height=40.0, fill=0x00000000, stroke=0x00000000, strokeWidth=1.0], StackPane@537fd331]
[2025-04-29 09:53:04.363] INFO - MatrixLvLEditorView.removeItemFromGridPane - Éléments supprimés de la grille removeAllItemsFromGridPane
[2025-04-29 09:53:04.649] INFO - MatrixLvLEditorView.removeItemFromGridPane - Noeud à supprimer de la grille : [Rectangle[x=0.0, y=0.0, width=40.0, height=40.0, fill=0x00000000, stroke=0x00000000, strokeWidth=1.0], StackPane@18a26b25]
[2025-04-29 09:53:04.650] INFO - MatrixLvLEditorView.removeItemFromGridPane - Éléments supprimés de la grille removeAllItemsFromGridPane
[2025-04-29 09:53:05.002] INFO - MatrixLvLEditorView.removeItemFromGridPane - Noeud à supprimer de la grille : [Rectangle[x=0.0, y=0.0, width=40.0, height=40.0, fill=0x00000000, stroke=0x00000000, strokeWidth=1.0], StackPane@30c976f]
[2025-04-29 09:53:05.003] INFO - MatrixLvLEditorView.removeItemFromGridPane - Éléments supprimés de la grille removeAllItemsFromGridPane
[2025-04-29 09:53:05.080] INFO - MatrixLvLEditorView.removeItemFromGridPane - Noeud à supprimer de la grille : [Rectangle[x=0.0, y=0.0, width=40.0, height=40.0, fill=0x00000000, stroke=0x00000000, strokeWidth=1.0], StackPane@c740566]
[2025-04-29 09:53:05.081] INFO - MatrixLvLEditorView.removeItemFromGridPane - Éléments supprimés de la grille removeAllItemsFromGridPane
[2025-04-29 09:53:05.307] INFO - MatrixLvLEditorView.removeItemFromGridPane - Noeud à supprimer de la grille : [Rectangle[x=0.0, y=0.0, width=40.0, height=40.0, fill=0x00000000, stroke=0x00000000, strokeWidth=1.0], StackPane@231fe52e]
[2025-04-29 09:53:05.308] INFO - MatrixLvLEditorView.removeItemFromGridPane - Éléments supprimés de la grille removeAllItemsFromGridPane
[2025-04-29 09:53:05.337] INFO - MatrixLvLEditorView.removeItemFromGridPane - Noeud à supprimer de la grille : [Rectangle[x=0.0, y=0.0, width=40.0, height=40.0, fill=0x00000000, stroke=0x00000000, strokeWidth=1.0], StackPane@739cba6b]
[2025-04-29 09:53:05.337] INFO - MatrixLvLEditorView.removeItemFromGridPane - Éléments supprimés de la grille removeAllItemsFromGridPane
[2025-04-29 09:53:05.592] INFO - MatrixLvLEditorView.removeItemFromGridPane - Noeud à supprimer de la grille : [Rectangle[x=0.0, y=0.0, width=40.0, height=40.0, fill=0x00000000, stroke=0x00000000, strokeWidth=1.0], StackPane@21bd0f2b]
[2025-04-29 09:53:05.593] INFO - MatrixLvLEditorView.removeItemFromGridPane - Éléments supprimés de la grille removeAllItemsFromGridPane
[2025-04-29 09:53:05.689] INFO - MatrixLvLEditorView.removeItemFromGridPane - Noeud à supprimer de la grille : [Rectangle[x=0.0, y=0.0, width=40.0, height=40.0, fill=0x00000000, stroke=0x00000000, strokeWidth=1.0], StackPane@f030ee3]
[2025-04-29 09:53:05.690] INFO - MatrixLvLEditorView.removeItemFromGridPane - Éléments supprimés de la grille removeAllItemsFromGridPane
[2025-04-29 09:53:05.694] INFO - MatrixLvLEditorView.removeItemFromGridPane - Noeud à supprimer de la grille : [Rectangle[x=0.0, y=0.0, width=40.0, height=40.0, fill=0x00000000, stroke=0x00000000, strokeWidth=1.0], StackPane@5a6d5be5]
[2025-04-29 09:53:05.695] INFO - MatrixLvLEditorView.removeItemFromGridPane - Éléments supprimés de la grille removeAllItemsFromGridPane
[2025-04-29 09:53:05.993] INFO - MatrixLvLEditorView.removeItemFromGridPane - Noeud à supprimer de la grille : [Rectangle[x=0.0, y=0.0, width=40.0, height=40.0, fill=0x00000000, stroke=0x00000000, strokeWidth=1.0], StackPane@30ed1772]
[2025-04-29 09:53:05.994] INFO - MatrixLvLEditorView.removeItemFromGridPane - Éléments supprimés de la grille removeAllItemsFromGridPane
[2025-04-29 09:53:06.041] INFO - MatrixLvLEditorView.removeItemFromGridPane - Noeud à supprimer de la grille : [Rectangle[x=0.0, y=0.0, width=40.0, height=40.0, fill=0x00000000, stroke=0x00000000, strokeWidth=1.0], StackPane@3c6c1a50]
[2025-04-29 09:53:06.041] INFO - MatrixLvLEditorView.removeItemFromGridPane - Éléments supprimés de la grille removeAllItemsFromGridPane
[2025-04-29 09:53:06.261] INFO - MatrixLvLEditorView.removeItemFromGridPane - Noeud à supprimer de la grille : [Rectangle[x=0.0, y=0.0, width=40.0, height=40.0, fill=0x00000000, stroke=0x00000000, strokeWidth=1.0], StackPane@6592aa0]
[2025-04-29 09:53:06.261] INFO - MatrixLvLEditorView.removeItemFromGridPane - Éléments supprimés de la grille removeAllItemsFromGridPane
[2025-04-29 09:53:06.345] INFO - MatrixLvLEditorView.removeItemFromGridPane - Noeud à supprimer de la grille : [Rectangle[x=0.0, y=0.0, width=40.0, height=40.0, fill=0x00000000, stroke=0x00000000, strokeWidth=1.0], StackPane@e5a67b3]
[2025-04-29 09:53:06.346] INFO - MatrixLvLEditorView.removeItemFromGridPane - Éléments supprimés de la grille removeAllItemsFromGridPane
[2025-04-29 09:53:06.393] INFO - MatrixLvLEditorView.removeItemFromGridPane - Noeud à supprimer de la grille : [Rectangle[x=0.0, y=0.0, width=40.0, height=40.0, fill=0x00000000, stroke=0x00000000, strokeWidth=1.0], StackPane@55d1c9f7]
[2025-04-29 09:53:06.394] INFO - MatrixLvLEditorView.removeItemFromGridPane - Éléments supprimés de la grille removeAllItemsFromGridPane
[2025-04-29 09:53:06.493] INFO - MatrixLvLEditorView.removeItemFromGridPane - Noeud à supprimer de la grille : [Rectangle[x=0.0, y=0.0, width=40.0, height=40.0, fill=0x00000000, stroke=0x00000000, strokeWidth=1.0], StackPane@52ad176a]
[2025-04-29 09:53:06.495] INFO - MatrixLvLEditorView.removeItemFromGridPane - Éléments supprimés de la grille removeAllItemsFromGridPane
[2025-04-29 09:53:06.698] INFO - MatrixLvLEditorView.removeItemFromGridPane - Noeud à supprimer de la grille : [Rectangle[x=0.0, y=0.0, width=40.0, height=40.0, fill=0x00000000, stroke=0x00000000, strokeWidth=1.0], StackPane@5d4b32e4]
[2025-04-29 09:53:06.698] INFO - MatrixLvLEditorView.removeItemFromGridPane - Éléments supprimés de la grille removeAllItemsFromGridPane
[2025-04-29 09:53:06.745] INFO - MatrixLvLEditorView.removeItemFromGridPane - Noeud à supprimer de la grille : [Rectangle[x=0.0, y=0.0, width=40.0, height=40.0, fill=0x00000000, stroke=0x00000000, strokeWidth=1.0], StackPane@75f77851]
[2025-04-29 09:53:06.746] INFO - MatrixLvLEditorView.removeItemFromGridPane - Éléments supprimés de la grille removeAllItemsFromGridPane
[2025-04-29 09:53:06.794] INFO - MatrixLvLEditorView.removeItemFromGridPane - Noeud à supprimer de la grille : [Rectangle[x=0.0, y=0.0, width=40.0, height=40.0, fill=0x00000000, stroke=0x00000000, strokeWidth=1.0], StackPane@137485d3]
[2025-04-29 09:53:06.795] INFO - MatrixLvLEditorView.removeItemFromGridPane - Éléments supprimés de la grille removeAllItemsFromGridPane
[2025-04-29 09:53:07.052] INFO - MatrixLvLEditorView.removeItemFromGridPane - Noeud à supprimer de la grille : [Rectangle[x=0.0, y=0.0, width=40.0, height=40.0, fill=0x00000000, stroke=0x00000000, strokeWidth=1.0], StackPane@72e62d81]
[2025-04-29 09:53:07.054] INFO - MatrixLvLEditorView.removeItemFromGridPane - Éléments supprimés de la grille removeAllItemsFromGridPane
[2025-04-29 09:53:07.145] INFO - MatrixLvLEditorView.removeItemFromGridPane - Noeud à supprimer de la grille : [Rectangle[x=0.0, y=0.0, width=40.0, height=40.0, fill=0x00000000, stroke=0x00000000, strokeWidth=1.0], StackPane@5bf99530]
[2025-04-29 09:53:07.146] INFO - MatrixLvLEditorView.removeItemFromGridPane - Éléments supprimés de la grille removeAllItemsFromGridPane
[2025-04-29 09:53:07.402] INFO - MatrixLvLEditorView.removeItemFromGridPane - Noeud à supprimer de la grille : [Rectangle[x=0.0, y=0.0, width=40.0, height=40.0, fill=0x00000000, stroke=0x00000000, strokeWidth=1.0], StackPane@3609c0bb]
[2025-04-29 09:53:07.403] INFO - MatrixLvLEditorView.removeItemFromGridPane - Éléments supprimés de la grille removeAllItemsFromGridPane
[2025-04-29 09:53:07.501] INFO - MatrixLvLEditorView.removeItemFromGridPane - Noeud à supprimer de la grille : [Rectangle[x=0.0, y=0.0, width=40.0, height=40.0, fill=0x00000000, stroke=0x00000000, strokeWidth=1.0], StackPane@59f32475]
[2025-04-29 09:53:07.501] INFO - MatrixLvLEditorView.removeItemFromGridPane - Éléments supprimés de la grille removeAllItemsFromGridPane
[2025-04-29 09:53:07.742] INFO - MatrixLvLEditorView.removeItemFromGridPane - Noeud à supprimer de la grille : [Rectangle[x=0.0, y=0.0, width=40.0, height=40.0, fill=0x00000000, stroke=0x00000000, strokeWidth=1.0], StackPane@175d6788]
[2025-04-29 09:53:07.743] INFO - MatrixLvLEditorView.removeItemFromGridPane - Éléments supprimés de la grille removeAllItemsFromGridPane
[2025-04-29 09:53:07.796] INFO - MatrixLvLEditorView.removeItemFromGridPane - Noeud à supprimer de la grille : [Rectangle[x=0.0, y=0.0, width=40.0, height=40.0, fill=0x00000000, stroke=0x00000000, strokeWidth=1.0]]
[2025-04-29 09:53:07.797] INFO - MatrixLvLEditorView.removeItemFromGridPane - Éléments supprimés de la grille removeAllItemsFromGridPane
[2025-04-29 09:53:07.848] INFO - MatrixLvLEditorView.removeItemFromGridPane - Noeud à supprimer de la grille : [Rectangle[x=0.0, y=0.0, width=40.0, height=40.0, fill=0x00000000, stroke=0x00000000, strokeWidth=1.0], StackPane@c040330]
[2025-04-29 09:53:07.849] INFO - MatrixLvLEditorView.removeItemFromGridPane - Éléments supprimés de la grille removeAllItemsFromGridPane
[2025-04-29 09:53:08.089] INFO - MatrixLvLEditorView.removeItemFromGridPane - Noeud à supprimer de la grille : [Rectangle[x=0.0, y=0.0, width=40.0, height=40.0, fill=0x00000000, stroke=0x00000000, strokeWidth=1.0], StackPane@d904acc]
[2025-04-29 09:53:08.090] INFO - MatrixLvLEditorView.removeItemFromGridPane - Éléments supprimés de la grille removeAllItemsFromGridPane
[2025-04-29 09:53:08.204] INFO - MatrixLvLEditorView.removeItemFromGridPane - Noeud à supprimer de la grille : [Rectangle[x=0.0, y=0.0, width=40.0, height=40.0, fill=0x00000000, stroke=0x00000000, strokeWidth=1.0], StackPane@34b079c6]
[2025-04-29 09:53:08.204] INFO - MatrixLvLEditorView.removeItemFromGridPane - Éléments supprimés de la grille removeAllItemsFromGridPane
[2025-04-29 09:53:08.365] INFO - MatrixLvLEditorView.removeItemFromGridPane - Noeud à supprimer de la grille : [Rectangle[x=0.0, y=0.0, width=40.0, height=40.0, fill=0x00000000, stroke=0x00000000, strokeWidth=1.0]]
[2025-04-29 09:53:08.366] INFO - MatrixLvLEditorView.removeItemFromGridPane - Éléments supprimés de la grille removeAllItemsFromGridPane
[2025-04-29 09:53:08.442] INFO - MatrixLvLEditorView.removeItemFromGridPane - Noeud à supprimer de la grille : [Rectangle[x=0.0, y=0.0, width=40.0, height=40.0, fill=0x00000000, stroke=0x00000000, strokeWidth=1.0], StackPane@1a5ee287]
[2025-04-29 09:53:08.443] INFO - MatrixLvLEditorView.removeItemFromGridPane - Éléments supprimés de la grille removeAllItemsFromGridPane
[2025-04-29 09:53:08.537] INFO - MatrixLvLEditorView.removeItemFromGridPane - Noeud à supprimer de la grille : [Rectangle[x=0.0, y=0.0, width=40.0, height=40.0, fill=0x00000000, stroke=0x00000000, strokeWidth=1.0], StackPane@ffbfdbe]
[2025-04-29 09:53:08.539] INFO - MatrixLvLEditorView.removeItemFromGridPane - Éléments supprimés de la grille removeAllItemsFromGridPane
[2025-04-29 09:53:08.794] INFO - MatrixLvLEditorView.removeItemFromGridPane - Noeud à supprimer de la grille : [Rectangle[x=0.0, y=0.0, width=40.0, height=40.0, fill=0x00000000, stroke=0x00000000, strokeWidth=1.0], StackPane@7bde72be]
[2025-04-29 09:53:08.795] INFO - MatrixLvLEditorView.removeItemFromGridPane - Éléments supprimés de la grille removeAllItemsFromGridPane
[2025-04-29 09:53:08.889] INFO - MatrixLvLEditorView.removeItemFromGridPane - Noeud à supprimer de la grille : [Rectangle[x=0.0, y=0.0, width=40.0, height=40.0, fill=0x00000000, stroke=0x00000000, strokeWidth=1.0], StackPane@6a9d760c]
[2025-04-29 09:53:08.890] INFO - MatrixLvLEditorView.removeItemFromGridPane - Éléments supprimés de la grille removeAllItemsFromGridPane
[2025-04-29 09:53:08.985] INFO - MatrixLvLEditorView.removeItemFromGridPane - Noeud à supprimer de la grille : [Rectangle[x=0.0, y=0.0, width=40.0, height=40.0, fill=0x00000000, stroke=0x00000000, strokeWidth=1.0]]
[2025-04-29 09:53:08.986] INFO - MatrixLvLEditorView.removeItemFromGridPane - Éléments supprimés de la grille removeAllItemsFromGridPane
[2025-04-29 09:53:09.144] INFO - MatrixLvLEditorView.removeItemFromGridPane - Noeud à supprimer de la grille : [Rectangle[x=0.0, y=0.0, width=40.0, height=40.0, fill=0x00000000, stroke=0x00000000, strokeWidth=1.0], StackPane@12216702]
[2025-04-29 09:53:09.145] INFO - MatrixLvLEditorView.removeItemFromGridPane - Éléments supprimés de la grille removeAllItemsFromGridPane
[2025-04-29 09:53:09.240] INFO - MatrixLvLEditorView.removeItemFromGridPane - Noeud à supprimer de la grille : [Rectangle[x=0.0, y=0.0, width=40.0, height=40.0, fill=0x00000000, stroke=0x00000000, strokeWidth=1.0], StackPane@f298118]
[2025-04-29 09:53:09.240] INFO - MatrixLvLEditorView.removeItemFromGridPane - Éléments supprimés de la grille removeAllItemsFromGridPane
[2025-04-29 09:53:09.390] INFO - MatrixLvLEditorView.removeItemFromGridPane - Noeud à supprimer de la grille : [Rectangle[x=0.0, y=0.0, width=40.0, height=40.0, fill=0x00000000, stroke=0x00000000, strokeWidth=1.0], StackPane@78c791a7]
[2025-04-29 09:53:09.391] INFO - MatrixLvLEditorView.removeItemFromGridPane - Éléments supprimés de la grille removeAllItemsFromGridPane
[2025-04-29 09:53:09.498] INFO - MatrixLvLEditorView.removeItemFromGridPane - Noeud à supprimer de la grille : [Rectangle[x=0.0, y=0.0, width=40.0, height=40.0, fill=0x00000000, stroke=0x00000000, strokeWidth=1.0], StackPane@3073fc67]
[2025-04-29 09:53:09.498] INFO - MatrixLvLEditorView.removeItemFromGridPane - Éléments supprimés de la grille removeAllItemsFromGridPane
[2025-04-29 09:53:09.552] INFO - MatrixLvLEditorView.removeItemFromGridPane - Noeud à supprimer de la grille : [Rectangle[x=0.0, y=0.0, width=40.0, height=40.0, fill=0x00000000, stroke=0x00000000, strokeWidth=1.0], StackPane@4a84dfb]
[2025-04-29 09:53:09.552] INFO - MatrixLvLEditorView.removeItemFromGridPane - Éléments supprimés de la grille removeAllItemsFromGridPane
[2025-04-29 09:53:09.592] INFO - MatrixLvLEditorView.removeItemFromGridPane - Noeud à supprimer de la grille : [Rectangle[x=0.0, y=0.0, width=40.0, height=40.0, fill=0x00000000, stroke=0x00000000, strokeWidth=1.0], StackPane@5ac53d5b]
[2025-04-29 09:53:09.593] INFO - MatrixLvLEditorView.removeItemFromGridPane - Éléments supprimés de la grille removeAllItemsFromGridPane
[2025-04-29 09:53:09.642] INFO - MatrixLvLEditorView.removeItemFromGridPane - Noeud à supprimer de la grille : [Rectangle[x=0.0, y=0.0, width=40.0, height=40.0, fill=0x00000000, stroke=0x00000000, strokeWidth=1.0], StackPane@5ffed39]
[2025-04-29 09:53:09.643] INFO - MatrixLvLEditorView.removeItemFromGridPane - Éléments supprimés de la grille removeAllItemsFromGridPane
[2025-04-29 09:53:09.842] INFO - MatrixLvLEditorView.removeItemFromGridPane - Noeud à supprimer de la grille : [Rectangle[x=0.0, y=0.0, width=40.0, height=40.0, fill=0x00000000, stroke=0x00000000, strokeWidth=1.0], StackPane@156730ef]
[2025-04-29 09:53:09.842] INFO - MatrixLvLEditorView.removeItemFromGridPane - Éléments supprimés de la grille removeAllItemsFromGridPane
[2025-04-29 09:53:09.849] INFO - MatrixLvLEditorView.removeItemFromGridPane - Noeud à supprimer de la grille : [Rectangle[x=0.0, y=0.0, width=40.0, height=40.0, fill=0x00000000, stroke=0x00000000, strokeWidth=1.0], StackPane@17539338]
[2025-04-29 09:53:09.850] INFO - MatrixLvLEditorView.removeItemFromGridPane - Éléments supprimés de la grille removeAllItemsFromGridPane
[2025-04-29 09:53:10.202] INFO - MatrixLvLEditorView.removeItemFromGridPane - Noeud à supprimer de la grille : [Rectangle[x=0.0, y=0.0, width=40.0, height=40.0, fill=0x00000000, stroke=0x00000000, strokeWidth=1.0], StackPane@19bb56f]
[2025-04-29 09:53:10.202] INFO - MatrixLvLEditorView.removeItemFromGridPane - Éléments supprimés de la grille removeAllItemsFromGridPane
[2025-04-29 09:53:10.503] INFO - MatrixLvLEditorView.removeItemFromGridPane - Noeud à supprimer de la grille : [Rectangle[x=0.0, y=0.0, width=40.0, height=40.0, fill=0x00000000, stroke=0x00000000, strokeWidth=1.0], StackPane@4d2c2afd]
[2025-04-29 09:53:10.503] INFO - MatrixLvLEditorView.removeItemFromGridPane - Éléments supprimés de la grille removeAllItemsFromGridPane
[2025-04-29 09:53:10.538] INFO - MatrixLvLEditorView.removeItemFromGridPane - Noeud à supprimer de la grille : [Rectangle[x=0.0, y=0.0, width=40.0, height=40.0, fill=0x00000000, stroke=0x00000000, strokeWidth=1.0], StackPane@3f854cf4]
[2025-04-29 09:53:10.538] INFO - MatrixLvLEditorView.removeItemFromGridPane - Éléments supprimés de la grille removeAllItemsFromGridPane
[2025-04-29 09:53:10.697] INFO - MatrixLvLEditorView.removeItemFromGridPane - Noeud à supprimer de la grille : [Rectangle[x=0.0, y=0.0, width=40.0, height=40.0, fill=0x00000000, stroke=0x00000000, strokeWidth=1.0], StackPane@53e9c5cd]
[2025-04-29 09:53:10.698] INFO - MatrixLvLEditorView.removeItemFromGridPane - Éléments supprimés de la grille removeAllItemsFromGridPane
[2025-04-29 09:53:10.890] INFO - MatrixLvLEditorView.removeItemFromGridPane - Noeud à supprimer de la grille : [Rectangle[x=0.0, y=0.0, width=40.0, height=40.0, fill=0x00000000, stroke=0x00000000, strokeWidth=1.0], StackPane@633438a5]
[2025-04-29 09:53:10.891] INFO - MatrixLvLEditorView.removeItemFromGridPane - Éléments supprimés de la grille removeAllItemsFromGridPane
[2025-04-29 09:53:10.899] INFO - MatrixLvLEditorView.removeItemFromGridPane - Noeud à supprimer de la grille : [Rectangle[x=0.0, y=0.0, width=40.0, height=40.0, fill=0x00000000, stroke=0x00000000, strokeWidth=1.0], StackPane@755afc9f]
[2025-04-29 09:53:10.899] INFO - MatrixLvLEditorView.removeItemFromGridPane - Éléments supprimés de la grille removeAllItemsFromGridPane
[2025-04-29 09:53:11.099] INFO - MatrixLvLEditorView.removeItemFromGridPane - Noeud à supprimer de la grille : [Rectangle[x=0.0, y=0.0, width=40.0, height=40.0, fill=0x00000000, stroke=0x00000000, strokeWidth=1.0], StackPane@4f5b26b1]
[2025-04-29 09:53:11.100] INFO - MatrixLvLEditorView.removeItemFromGridPane - Éléments supprimés de la grille removeAllItemsFromGridPane
[2025-04-29 09:53:11.243] INFO - MatrixLvLEditorView.removeItemFromGridPane - Noeud à supprimer de la grille : [Rectangle[x=0.0, y=0.0, width=40.0, height=40.0, fill=0x00000000, stroke=0x00000000, strokeWidth=1.0], StackPane@57ef7174]
[2025-04-29 09:53:11.244] INFO - MatrixLvLEditorView.removeItemFromGridPane - Éléments supprimés de la grille removeAllItemsFromGridPane
[2025-04-29 09:53:11.328] INFO - MatrixLvLEditorView.removeItemFromGridPane - Noeud à supprimer de la grille : [Rectangle[x=0.0, y=0.0, width=40.0, height=40.0, fill=0x00000000, stroke=0x00000000, strokeWidth=1.0], StackPane@1f59a3a0]
[2025-04-29 09:53:11.328] INFO - MatrixLvLEditorView.removeItemFromGridPane - Éléments supprimés de la grille removeAllItemsFromGridPane
[2025-04-29 09:53:11.602] INFO - MatrixLvLEditorView.removeItemFromGridPane - Noeud à supprimer de la grille : [Rectangle[x=0.0, y=0.0, width=40.0, height=40.0, fill=0x00000000, stroke=0x00000000, strokeWidth=1.0], StackPane@6c50278e]
[2025-04-29 09:53:11.603] INFO - MatrixLvLEditorView.removeItemFromGridPane - Éléments supprimés de la grille removeAllItemsFromGridPane
[2025-04-29 09:53:11.835] INFO - MatrixLvLEditorView.removeItemFromGridPane - Noeud à supprimer de la grille : [Rectangle[x=0.0, y=0.0, width=40.0, height=40.0, fill=0x00000000, stroke=0x00000000, strokeWidth=1.0], StackPane@29a2ba64]
[2025-04-29 09:53:11.836] INFO - MatrixLvLEditorView.removeItemFromGridPane - Éléments supprimés de la grille removeAllItemsFromGridPane
[2025-04-29 09:53:11.873] INFO - MatrixLvLEditorView.removeItemFromGridPane - Noeud à supprimer de la grille : [Rectangle[x=0.0, y=0.0, width=40.0, height=40.0, fill=0x00000000, stroke=0x00000000, strokeWidth=1.0], StackPane@3bd16412]
[2025-04-29 09:53:11.874] INFO - MatrixLvLEditorView.removeItemFromGridPane - Éléments supprimés de la grille removeAllItemsFromGridPane
[2025-04-29 09:53:11.906] INFO - MatrixLvLEditorView.removeItemFromGridPane - Noeud à supprimer de la grille : [Rectangle[x=0.0, y=0.0, width=40.0, height=40.0, fill=0x00000000, stroke=0x00000000, strokeWidth=1.0], StackPane@3bc5f04a]
[2025-04-29 09:53:11.906] INFO - MatrixLvLEditorView.removeItemFromGridPane - Éléments supprimés de la grille removeAllItemsFromGridPane
[2025-04-29 09:53:11.936] INFO - MatrixLvLEditorView.removeItemFromGridPane - Noeud à supprimer de la grille : [Rectangle[x=0.0, y=0.0, width=40.0, height=40.0, fill=0x00000000, stroke=0x00000000, strokeWidth=1.0], StackPane@1277838a]
[2025-04-29 09:53:11.936] INFO - MatrixLvLEditorView.removeItemFromGridPane - Éléments supprimés de la grille removeAllItemsFromGridPane
[2025-04-29 09:53:11.946] INFO - MatrixLvLEditorView.removeItemFromGridPane - Noeud à supprimer de la grille : [Rectangle[x=0.0, y=0.0, width=40.0, height=40.0, fill=0x00000000, stroke=0x00000000, strokeWidth=1.0], StackPane@63f76f78]
[2025-04-29 09:53:11.946] INFO - MatrixLvLEditorView.removeItemFromGridPane - Éléments supprimés de la grille removeAllItemsFromGridPane
[2025-04-29 09:53:11.974] INFO - MatrixLvLEditorView.removeItemFromGridPane - Noeud à supprimer de la grille : [Rectangle[x=0.0, y=0.0, width=40.0, height=40.0, fill=0x00000000, stroke=0x00000000, strokeWidth=1.0], StackPane@22260df]
[2025-04-29 09:53:11.975] INFO - MatrixLvLEditorView.removeItemFromGridPane - Éléments supprimés de la grille removeAllItemsFromGridPane
[2025-04-29 09:53:12.001] INFO - MatrixLvLEditorView.removeItemFromGridPane - Noeud à supprimer de la grille : [Rectangle[x=0.0, y=0.0, width=40.0, height=40.0, fill=0x00000000, stroke=0x00000000, strokeWidth=1.0], StackPane@7a899743]
[2025-04-29 09:53:12.001] INFO - MatrixLvLEditorView.removeItemFromGridPane - Éléments supprimés de la grille removeAllItemsFromGridPane
[2025-04-29 09:53:12.031] INFO - MatrixLvLEditorView.removeItemFromGridPane - Noeud à supprimer de la grille : [Rectangle[x=0.0, y=0.0, width=40.0, height=40.0, fill=0x00000000, stroke=0x00000000, strokeWidth=1.0], StackPane@234726f3]
[2025-04-29 09:53:12.031] INFO - MatrixLvLEditorView.removeItemFromGridPane - Éléments supprimés de la grille removeAllItemsFromGridPane
[2025-04-29 09:53:12.071] INFO - MatrixLvLEditorView.removeItemFromGridPane - Noeud à supprimer de la grille : [Rectangle[x=0.0, y=0.0, width=40.0, height=40.0, fill=0x00000000, stroke=0x00000000, strokeWidth=1.0], StackPane@23ec3e3]
[2025-04-29 09:53:12.071] INFO - MatrixLvLEditorView.removeItemFromGridPane - Éléments supprimés de la grille removeAllItemsFromGridPane
[2025-04-29 09:53:12.299] INFO - MatrixLvLEditorView.removeItemFromGridPane - Noeud à supprimer de la grille : [Rectangle[x=0.0, y=0.0, width=40.0, height=40.0, fill=0x00000000, stroke=0x00000000, strokeWidth=1.0], StackPane@7183671d]
[2025-04-29 09:53:12.300] INFO - MatrixLvLEditorView.removeItemFromGridPane - Éléments supprimés de la grille removeAllItemsFromGridPane
[2025-04-29 09:53:12.361] INFO - MatrixLvLEditorView.removeItemFromGridPane - Noeud à supprimer de la grille : [Rectangle[x=0.0, y=0.0, width=40.0, height=40.0, fill=0x00000000, stroke=0x00000000, strokeWidth=1.0], StackPane@534c279]
[2025-04-29 09:53:12.362] INFO - MatrixLvLEditorView.removeItemFromGridPane - Éléments supprimés de la grille removeAllItemsFromGridPane
[2025-04-29 09:53:12.573] INFO - MatrixLvLEditorView.removeItemFromGridPane - Noeud à supprimer de la grille : [Rectangle[x=0.0, y=0.0, width=40.0, height=40.0, fill=0x00000000, stroke=0x00000000, strokeWidth=1.0], StackPane@7e47720f]
[2025-04-29 09:53:12.575] INFO - MatrixLvLEditorView.removeItemFromGridPane - Éléments supprimés de la grille removeAllItemsFromGridPane
[2025-04-29 09:53:12.649] INFO - MatrixLvLEditorView.removeItemFromGridPane - Noeud à supprimer de la grille : [Rectangle[x=0.0, y=0.0, width=40.0, height=40.0, fill=0x00000000, stroke=0x00000000, strokeWidth=1.0], StackPane@272c7735]
[2025-04-29 09:53:12.650] INFO - MatrixLvLEditorView.removeItemFromGridPane - Éléments supprimés de la grille removeAllItemsFromGridPane
[2025-04-29 09:53:12.758] INFO - MatrixLvLEditorView.removeItemFromGridPane - Noeud à supprimer de la grille : [Rectangle[x=0.0, y=0.0, width=40.0, height=40.0, fill=0x00000000, stroke=0x00000000, strokeWidth=1.0], StackPane@2b052b30]
[2025-04-29 09:53:12.758] INFO - MatrixLvLEditorView.removeItemFromGridPane - Éléments supprimés de la grille removeAllItemsFromGridPane
[2025-04-29 09:53:13.001] INFO - MatrixLvLEditorView.removeItemFromGridPane - Noeud à supprimer de la grille : [Rectangle[x=0.0, y=0.0, width=40.0, height=40.0, fill=0x00000000, stroke=0x00000000, strokeWidth=1.0], StackPane@1af3a351]
[2025-04-29 09:53:13.002] INFO - MatrixLvLEditorView.removeItemFromGridPane - Éléments supprimés de la grille removeAllItemsFromGridPane
[2025-04-29 09:53:13.338] INFO - MatrixLvLEditorView.removeItemFromGridPane - Noeud à supprimer de la grille : [Rectangle[x=0.0, y=0.0, width=40.0, height=40.0, fill=0x00000000, stroke=0x00000000, strokeWidth=1.0], StackPane@251947aa]
[2025-04-29 09:53:13.338] INFO - MatrixLvLEditorView.removeItemFromGridPane - Éléments supprimés de la grille removeAllItemsFromGridPane
[2025-04-29 09:53:13.348] INFO - MatrixLvLEditorView.removeItemFromGridPane - Noeud à supprimer de la grille : [Rectangle[x=0.0, y=0.0, width=40.0, height=40.0, fill=0x00000000, stroke=0x00000000, strokeWidth=1.0], StackPane@1690a70b]
[2025-04-29 09:53:13.349] INFO - MatrixLvLEditorView.removeItemFromGridPane - Éléments supprimés de la grille removeAllItemsFromGridPane
[2025-04-29 09:53:13.689] INFO - MatrixLvLEditorView.removeItemFromGridPane - Noeud à supprimer de la grille : [Rectangle[x=0.0, y=0.0, width=40.0, height=40.0, fill=0x00000000, stroke=0x00000000, strokeWidth=1.0], StackPane@4e2054ce]
[2025-04-29 09:53:13.690] INFO - MatrixLvLEditorView.removeItemFromGridPane - Éléments supprimés de la grille removeAllItemsFromGridPane
[2025-04-29 09:53:13.752] INFO - MatrixLvLEditorView.removeItemFromGridPane - Noeud à supprimer de la grille : [StackPane@28b08f3d, StackPane@3c715a1a]
[2025-04-29 09:53:13.753] INFO - MatrixLvLEditorView.removeItemFromGridPane - Éléments supprimés de la grille removeAllItemsFromGridPane
[2025-04-29 09:53:14.043] INFO - MatrixLvLEditorView.removeItemFromGridPane - Noeud à supprimer de la grille : [Rectangle[x=0.0, y=0.0, width=40.0, height=40.0, fill=0x00000000, stroke=0x00000000, strokeWidth=1.0], StackPane@32d862d3]
[2025-04-29 09:53:14.045] INFO - MatrixLvLEditorView.removeItemFromGridPane - Éléments supprimés de la grille removeAllItemsFromGridPane
[2025-04-29 09:53:14.047] INFO - MatrixLvLEditorView.removeItemFromGridPane - Noeud à supprimer de la grille : [Rectangle[x=0.0, y=0.0, width=40.0, height=40.0, fill=0x00000000, stroke=0x00000000, strokeWidth=1.0], StackPane@176d76a5]
[2025-04-29 09:53:14.047] INFO - MatrixLvLEditorView.removeItemFromGridPane - Éléments supprimés de la grille removeAllItemsFromGridPane
[2025-04-29 09:53:14.394] INFO - MatrixLvLEditorView.removeItemFromGridPane - Noeud à supprimer de la grille : [Rectangle[x=0.0, y=0.0, width=40.0, height=40.0, fill=0x00000000, stroke=0x00000000, strokeWidth=1.0], StackPane@549957ef]
[2025-04-29 09:53:14.395] INFO - MatrixLvLEditorView.removeItemFromGridPane - Éléments supprimés de la grille removeAllItemsFromGridPane
[2025-04-29 09:53:14.399] INFO - MatrixLvLEditorView.removeItemFromGridPane - Noeud à supprimer de la grille : [Rectangle[x=0.0, y=0.0, width=40.0, height=40.0, fill=0x00000000, stroke=0x00000000, strokeWidth=1.0], StackPane@61b16e10]
[2025-04-29 09:53:14.400] INFO - MatrixLvLEditorView.removeItemFromGridPane - Éléments supprimés de la grille removeAllItemsFromGridPane
[2025-04-29 09:53:14.746] INFO - MatrixLvLEditorView.removeItemFromGridPane - Noeud à supprimer de la grille : [Rectangle[x=0.0, y=0.0, width=40.0, height=40.0, fill=0x00000000, stroke=0x00000000, strokeWidth=1.0], StackPane@7b89a4f3]
[2025-04-29 09:53:14.747] INFO - MatrixLvLEditorView.removeItemFromGridPane - Éléments supprimés de la grille removeAllItemsFromGridPane
[2025-04-29 09:53:14.749] INFO - MatrixLvLEditorView.removeItemFromGridPane - Noeud à supprimer de la grille : [Rectangle[x=0.0, y=0.0, width=40.0, height=40.0, fill=0x00000000, stroke=0x00000000, strokeWidth=1.0], StackPane@21347dc5]
[2025-04-29 09:53:14.749] INFO - MatrixLvLEditorView.removeItemFromGridPane - Éléments supprimés de la grille removeAllItemsFromGridPane
[2025-04-29 09:53:14.758] INFO - MatrixLvLEditorView.removeItemFromGridPane - Noeud à supprimer de la grille : [Rectangle[x=0.0, y=0.0, width=40.0, height=40.0, fill=0x00000000, stroke=0x00000000, strokeWidth=1.0], StackPane@2b9a0c27]
[2025-04-29 09:53:14.758] INFO - MatrixLvLEditorView.removeItemFromGridPane - Éléments supprimés de la grille removeAllItemsFromGridPane
[2025-04-29 09:53:15.089] INFO - MatrixLvLEditorView.removeItemFromGridPane - Noeud à supprimer de la grille : [Rectangle[x=0.0, y=0.0, width=40.0, height=40.0, fill=0x00000000, stroke=0x00000000, strokeWidth=1.0], StackPane@312610da]
[2025-04-29 09:53:15.089] INFO - MatrixLvLEditorView.removeItemFromGridPane - Éléments supprimés de la grille removeAllItemsFromGridPane
[2025-04-29 09:53:15.091] INFO - MatrixLvLEditorView.removeItemFromGridPane - Noeud à supprimer de la grille : [Rectangle[x=0.0, y=0.0, width=40.0, height=40.0, fill=0x00000000, stroke=0x00000000, strokeWidth=1.0], StackPane@310c8530]
[2025-04-29 09:53:15.092] INFO - MatrixLvLEditorView.removeItemFromGridPane - Éléments supprimés de la grille removeAllItemsFromGridPane
[2025-04-29 09:53:15.095] INFO - MatrixLvLEditorView.removeItemFromGridPane - Noeud à supprimer de la grille : [Rectangle[x=0.0, y=0.0, width=40.0, height=40.0, fill=0x00000000, stroke=0x00000000, strokeWidth=1.0], StackPane@3579bec5]
[2025-04-29 09:53:15.096] INFO - MatrixLvLEditorView.removeItemFromGridPane - Éléments supprimés de la grille removeAllItemsFromGridPane
[2025-04-29 09:53:15.293] INFO - MatrixLvLEditorView.removeItemFromGridPane - Noeud à supprimer de la grille : [Rectangle[x=0.0, y=0.0, width=40.0, height=40.0, fill=0x00000000, stroke=0x00000000, strokeWidth=1.0], StackPane@16fd9c75]
[2025-04-29 09:53:15.294] INFO - MatrixLvLEditorView.removeItemFromGridPane - Éléments supprimés de la grille removeAllItemsFromGridPane
[2025-04-29 09:53:15.451] INFO - MatrixLvLEditorView.removeItemFromGridPane - Noeud à supprimer de la grille : [Rectangle[x=0.0, y=0.0, width=40.0, height=40.0, fill=0x00000000, stroke=0x00000000, strokeWidth=1.0], StackPane@3dc787a6]
[2025-04-29 09:53:15.452] INFO - MatrixLvLEditorView.removeItemFromGridPane - Éléments supprimés de la grille removeAllItemsFromGridPane
[2025-04-29 09:53:15.455] INFO - MatrixLvLEditorView.removeItemFromGridPane - Noeud à supprimer de la grille : [Rectangle[x=0.0, y=0.0, width=40.0, height=40.0, fill=0x00000000, stroke=0x00000000, strokeWidth=1.0], StackPane@e23cfb5]
[2025-04-29 09:53:15.456] INFO - MatrixLvLEditorView.removeItemFromGridPane - Éléments supprimés de la grille removeAllItemsFromGridPane
[2025-04-29 09:53:15.498] INFO - MatrixLvLEditorView.removeItemFromGridPane - Noeud à supprimer de la grille : [Rectangle[x=0.0, y=0.0, width=40.0, height=40.0, fill=0x00000000, stroke=0x00000000, strokeWidth=1.0], StackPane@70be3ea]
[2025-04-29 09:53:15.498] INFO - MatrixLvLEditorView.removeItemFromGridPane - Éléments supprimés de la grille removeAllItemsFromGridPane
[2025-04-29 09:53:15.767] INFO - MatrixLvLEditorView.removeItemFromGridPane - Noeud à supprimer de la grille : [Rectangle[x=0.0, y=0.0, width=40.0, height=40.0, fill=0x00000000, stroke=0x00000000, strokeWidth=1.0], StackPane@702e0a86]
[2025-04-29 09:53:15.768] INFO - MatrixLvLEditorView.removeItemFromGridPane - Éléments supprimés de la grille removeAllItemsFromGridPane
[2025-04-29 09:53:15.801] INFO - MatrixLvLEditorView.removeItemFromGridPane - Noeud à supprimer de la grille : [Rectangle[x=0.0, y=0.0, width=40.0, height=40.0, fill=0x00000000, stroke=0x00000000, strokeWidth=1.0], StackPane@323c1d6b]
[2025-04-29 09:53:15.803] INFO - MatrixLvLEditorView.removeItemFromGridPane - Éléments supprimés de la grille removeAllItemsFromGridPane
[2025-04-29 09:53:15.805] INFO - MatrixLvLEditorView.removeItemFromGridPane - Noeud à supprimer de la grille : [Rectangle[x=0.0, y=0.0, width=40.0, height=40.0, fill=0x00000000, stroke=0x00000000, strokeWidth=1.0], StackPane@2ff82d11]
[2025-04-29 09:53:15.805] INFO - MatrixLvLEditorView.removeItemFromGridPane - Éléments supprimés de la grille removeAllItemsFromGridPane
[2025-04-29 09:53:16.018] INFO - MatrixLvLEditorView.removeItemFromGridPane - Noeud à supprimer de la grille : [Rectangle[x=0.0, y=0.0, width=40.0, height=40.0, fill=0x00000000, stroke=0x00000000, strokeWidth=1.0], StackPane@4980af37]
[2025-04-29 09:53:16.019] INFO - MatrixLvLEditorView.removeItemFromGridPane - Éléments supprimés de la grille removeAllItemsFromGridPane
[2025-04-29 09:53:16.139] INFO - MatrixLvLEditorView.removeItemFromGridPane - Noeud à supprimer de la grille : [Rectangle[x=0.0, y=0.0, width=40.0, height=40.0, fill=0x00000000, stroke=0x00000000, strokeWidth=1.0], StackPane@498d0bb3]
[2025-04-29 09:53:16.140] INFO - MatrixLvLEditorView.removeItemFromGridPane - Éléments supprimés de la grille removeAllItemsFromGridPane
[2025-04-29 09:53:16.301] INFO - MatrixLvLEditorView.removeItemFromGridPane - Noeud à supprimer de la grille : [Rectangle[x=0.0, y=0.0, width=40.0, height=40.0, fill=0x00000000, stroke=0x00000000, strokeWidth=1.0], StackPane@38b6386d]
[2025-04-29 09:53:16.301] INFO - MatrixLvLEditorView.removeItemFromGridPane - Éléments supprimés de la grille removeAllItemsFromGridPane
[2025-04-29 09:53:16.490] INFO - MatrixLvLEditorView.removeItemFromGridPane - Noeud à supprimer de la grille : [Rectangle[x=0.0, y=0.0, width=40.0, height=40.0, fill=0x00000000, stroke=0x00000000, strokeWidth=1.0], StackPane@f21e3c5]
[2025-04-29 09:53:16.491] INFO - MatrixLvLEditorView.removeItemFromGridPane - Éléments supprimés de la grille removeAllItemsFromGridPane
[2025-04-29 09:53:16.519] INFO - MatrixLvLEditorView.removeItemFromGridPane - Noeud à supprimer de la grille : [Rectangle[x=0.0, y=0.0, width=40.0, height=40.0, fill=0x00000000, stroke=0x00000000, strokeWidth=1.0], StackPane@76d7ac9a]
[2025-04-29 09:53:16.519] INFO - MatrixLvLEditorView.removeItemFromGridPane - Éléments supprimés de la grille removeAllItemsFromGridPane
[2025-04-29 09:53:16.804] INFO - MatrixLvLEditorView.removeItemFromGridPane - Noeud à supprimer de la grille : [Rectangle[x=0.0, y=0.0, width=40.0, height=40.0, fill=0x00000000, stroke=0x00000000, strokeWidth=1.0], StackPane@61707617]
[2025-04-29 09:53:16.804] INFO - MatrixLvLEditorView.removeItemFromGridPane - Éléments supprimés de la grille removeAllItemsFromGridPane
[2025-04-29 09:53:16.841] INFO - MatrixLvLEditorView.removeItemFromGridPane - Noeud à supprimer de la grille : [Rectangle[x=0.0, y=0.0, width=40.0, height=40.0, fill=0x00000000, stroke=0x00000000, strokeWidth=1.0], StackPane@59100678]
[2025-04-29 09:53:16.842] INFO - MatrixLvLEditorView.removeItemFromGridPane - Éléments supprimés de la grille removeAllItemsFromGridPane
[2025-04-29 09:53:17.097] INFO - MatrixLvLEditorView.removeItemFromGridPane - Noeud à supprimer de la grille : [Rectangle[x=0.0, y=0.0, width=40.0, height=40.0, fill=0x00000000, stroke=0x00000000, strokeWidth=1.0], StackPane@f6ae8b1]
[2025-04-29 09:53:17.098] INFO - MatrixLvLEditorView.removeItemFromGridPane - Éléments supprimés de la grille removeAllItemsFromGridPane
[2025-04-29 09:53:17.194] INFO - MatrixLvLEditorView.removeItemFromGridPane - Noeud à supprimer de la grille : [Rectangle[x=0.0, y=0.0, width=40.0, height=40.0, fill=0x00000000, stroke=0x00000000, strokeWidth=1.0], StackPane@1b957383]
[2025-04-29 09:53:17.195] INFO - MatrixLvLEditorView.removeItemFromGridPane - Éléments supprimés de la grille removeAllItemsFromGridPane
[2025-04-29 09:53:17.315] INFO - MatrixLvLEditorView.removeItemFromGridPane - Noeud à supprimer de la grille : [Rectangle[x=0.0, y=0.0, width=40.0, height=40.0, fill=0x00000000, stroke=0x00000000, strokeWidth=1.0], StackPane@31b0f7e]
[2025-04-29 09:53:17.315] INFO - MatrixLvLEditorView.removeItemFromGridPane - Éléments supprimés de la grille removeAllItemsFromGridPane
[2025-04-29 09:53:17.400] INFO - MatrixLvLEditorView.removeItemFromGridPane - Noeud à supprimer de la grille : [Rectangle[x=0.0, y=0.0, width=40.0, height=40.0, fill=0x00000000, stroke=0x00000000, strokeWidth=1.0], StackPane@54af844a]
[2025-04-29 09:53:17.401] INFO - MatrixLvLEditorView.removeItemFromGridPane - Éléments supprimés de la grille removeAllItemsFromGridPane
[2025-04-29 09:53:17.536] INFO - MatrixLvLEditorView.removeItemFromGridPane - Noeud à supprimer de la grille : [Rectangle[x=0.0, y=0.0, width=40.0, height=40.0, fill=0x00000000, stroke=0x00000000, strokeWidth=1.0], StackPane@597f6d2d]
[2025-04-29 09:53:17.537] INFO - MatrixLvLEditorView.removeItemFromGridPane - Éléments supprimés de la grille removeAllItemsFromGridPane
[2025-04-29 09:53:17.545] INFO - MatrixLvLEditorView.removeItemFromGridPane - Noeud à supprimer de la grille : [Rectangle[x=0.0, y=0.0, width=40.0, height=40.0, fill=0x00000000, stroke=0x00000000, strokeWidth=1.0], StackPane@71cece17]
[2025-04-29 09:53:17.545] INFO - MatrixLvLEditorView.removeItemFromGridPane - Éléments supprimés de la grille removeAllItemsFromGridPane
[2025-04-29 09:53:17.739] INFO - MatrixLvLEditorView.removeItemFromGridPane - Noeud à supprimer de la grille : [Rectangle[x=0.0, y=0.0, width=40.0, height=40.0, fill=0x00000000, stroke=0x00000000, strokeWidth=1.0], StackPane@bf754ec]
[2025-04-29 09:53:17.740] INFO - MatrixLvLEditorView.removeItemFromGridPane - Éléments supprimés de la grille removeAllItemsFromGridPane
[2025-04-29 09:53:17.751] INFO - MatrixLvLEditorView.removeItemFromGridPane - Noeud à supprimer de la grille : [Rectangle[x=0.0, y=0.0, width=40.0, height=40.0, fill=0x00000000, stroke=0x00000000, strokeWidth=1.0], StackPane@103a51fb]
[2025-04-29 09:53:17.751] INFO - MatrixLvLEditorView.removeItemFromGridPane - Éléments supprimés de la grille removeAllItemsFromGridPane
[2025-04-29 09:53:17.897] INFO - MatrixLvLEditorView.removeItemFromGridPane - Noeud à supprimer de la grille : [Rectangle[x=0.0, y=0.0, width=40.0, height=40.0, fill=0x00000000, stroke=0x00000000, strokeWidth=1.0], StackPane@2c9d3224]
[2025-04-29 09:53:17.897] INFO - MatrixLvLEditorView.removeItemFromGridPane - Éléments supprimés de la grille removeAllItemsFromGridPane
[2025-04-29 09:53:18.090] INFO - MatrixLvLEditorView.removeItemFromGridPane - Noeud à supprimer de la grille : [Rectangle[x=0.0, y=0.0, width=40.0, height=40.0, fill=0x00000000, stroke=0x00000000, strokeWidth=1.0], StackPane@50d16dc8]
[2025-04-29 09:53:18.091] INFO - MatrixLvLEditorView.removeItemFromGridPane - Éléments supprimés de la grille removeAllItemsFromGridPane
[2025-04-29 09:53:18.249] INFO - MatrixLvLEditorView.removeItemFromGridPane - Noeud à supprimer de la grille : [Rectangle[x=0.0, y=0.0, width=40.0, height=40.0, fill=0x00000000, stroke=0x00000000, strokeWidth=1.0], StackPane@295acb1b]
[2025-04-29 09:53:18.249] INFO - MatrixLvLEditorView.removeItemFromGridPane - Éléments supprimés de la grille removeAllItemsFromGridPane
[2025-04-29 09:53:18.440] INFO - MatrixLvLEditorView.removeItemFromGridPane - Noeud à supprimer de la grille : [Rectangle[x=0.0, y=0.0, width=40.0, height=40.0, fill=0x00000000, stroke=0x00000000, strokeWidth=1.0], StackPane@61fe4354]
[2025-04-29 09:53:18.446] INFO - MatrixLvLEditorView.removeItemFromGridPane - Éléments supprimés de la grille removeAllItemsFromGridPane
[2025-04-29 09:53:18.601] INFO - MatrixLvLEditorView.removeItemFromGridPane - Noeud à supprimer de la grille : [Rectangle[x=0.0, y=0.0, width=40.0, height=40.0, fill=0x00000000, stroke=0x00000000, strokeWidth=1.0], StackPane@36a588fe]
[2025-04-29 09:53:18.602] INFO - MatrixLvLEditorView.removeItemFromGridPane - Éléments supprimés de la grille removeAllItemsFromGridPane
[2025-04-29 09:53:18.937] INFO - MatrixLvLEditorView.removeItemFromGridPane - Noeud à supprimer de la grille : [Rectangle[x=0.0, y=0.0, width=40.0, height=40.0, fill=0x00000000, stroke=0x00000000, strokeWidth=1.0], StackPane@115a3c27]
[2025-04-29 09:53:18.938] INFO - MatrixLvLEditorView.removeItemFromGridPane - Éléments supprimés de la grille removeAllItemsFromGridPane
[2025-04-29 09:53:19.074] INFO - MatrixLvLEditorView.removeItemFromGridPane - Noeud à supprimer de la grille : [Rectangle[x=0.0, y=0.0, width=40.0, height=40.0, fill=0x00000000, stroke=0x00000000, strokeWidth=1.0], StackPane@5f1c3c05]
[2025-04-29 09:53:19.075] INFO - MatrixLvLEditorView.removeItemFromGridPane - Éléments supprimés de la grille removeAllItemsFromGridPane
[2025-04-29 09:53:19.287] INFO - MatrixLvLEditorView.removeItemFromGridPane - Noeud à supprimer de la grille : [Rectangle[x=0.0, y=0.0, width=40.0, height=40.0, fill=0x00000000, stroke=0x00000000, strokeWidth=1.0], StackPane@2ba1ac27]
[2025-04-29 09:53:19.288] INFO - MatrixLvLEditorView.removeItemFromGridPane - Éléments supprimés de la grille removeAllItemsFromGridPane
[2025-04-29 09:53:19.586] INFO - MatrixLvLEditorView.removeItemFromGridPane - Noeud à supprimer de la grille : [Rectangle[x=0.0, y=0.0, width=40.0, height=40.0, fill=0x00000000, stroke=0x00000000, strokeWidth=1.0], StackPane@188f6900]
[2025-04-29 09:53:19.587] INFO - MatrixLvLEditorView.removeItemFromGridPane - Éléments supprimés de la grille removeAllItemsFromGridPane
[2025-04-29 09:53:19.620] INFO - MatrixLvLEditorView.removeItemFromGridPane - Noeud à supprimer de la grille : [Rectangle[x=0.0, y=0.0, width=40.0, height=40.0, fill=0x00000000, stroke=0x00000000, strokeWidth=1.0], StackPane@73470ffe]
[2025-04-29 09:53:19.620] INFO - MatrixLvLEditorView.removeItemFromGridPane - Éléments supprimés de la grille removeAllItemsFromGridPane
[2025-04-29 09:53:19.652] INFO - MatrixLvLEditorView.removeItemFromGridPane - Noeud à supprimer de la grille : [Rectangle[x=0.0, y=0.0, width=40.0, height=40.0, fill=0x00000000, stroke=0x00000000, strokeWidth=1.0], StackPane@4fc73cd8]
[2025-04-29 09:53:19.652] INFO - MatrixLvLEditorView.removeItemFromGridPane - Éléments supprimés de la grille removeAllItemsFromGridPane
[2025-04-29 09:53:19.684] INFO - MatrixLvLEditorView.removeItemFromGridPane - Noeud à supprimer de la grille : [Rectangle[x=0.0, y=0.0, width=40.0, height=40.0, fill=0x00000000, stroke=0x00000000, strokeWidth=1.0], StackPane@e384bcc]
[2025-04-29 09:53:19.684] INFO - MatrixLvLEditorView.removeItemFromGridPane - Éléments supprimés de la grille removeAllItemsFromGridPane
[2025-04-29 09:53:19.717] INFO - MatrixLvLEditorView.removeItemFromGridPane - Noeud à supprimer de la grille : [Rectangle[x=0.0, y=0.0, width=40.0, height=40.0, fill=0x00000000, stroke=0x00000000, strokeWidth=1.0], StackPane@17eac61f]
[2025-04-29 09:53:19.717] INFO - MatrixLvLEditorView.removeItemFromGridPane - Éléments supprimés de la grille removeAllItemsFromGridPane
[2025-04-29 09:53:19.750] INFO - MatrixLvLEditorView.removeItemFromGridPane - Noeud à supprimer de la grille : [Rectangle[x=0.0, y=0.0, width=40.0, height=40.0, fill=0x00000000, stroke=0x00000000, strokeWidth=1.0], StackPane@4a51e9b9]
[2025-04-29 09:53:19.750] INFO - MatrixLvLEditorView.removeItemFromGridPane - Éléments supprimés de la grille removeAllItemsFromGridPane
[2025-04-29 09:53:19.819] INFO - MatrixLvLEditorView.removeItemFromGridPane - Noeud à supprimer de la grille : [Rectangle[x=0.0, y=0.0, width=40.0, height=40.0, fill=0x00000000, stroke=0x00000000, strokeWidth=1.0], StackPane@1a1c2a62]
[2025-04-29 09:53:19.820] INFO - MatrixLvLEditorView.removeItemFromGridPane - Éléments supprimés de la grille removeAllItemsFromGridPane
[2025-04-29 09:53:20.571] INFO - MatrixLvLEditorView.removeItemFromGridPane - Noeud à supprimer de la grille : [Rectangle[x=0.0, y=0.0, width=40.0, height=40.0, fill=0x00000000, stroke=0x00000000, strokeWidth=1.0], StackPane@39b24ed2]
[2025-04-29 09:53:20.572] INFO - MatrixLvLEditorView.removeItemFromGridPane - Éléments supprimés de la grille removeAllItemsFromGridPane
[2025-04-29 09:53:21.145] INFO - MatrixLvLEditorView.removeItemFromGridPane - Noeud à supprimer de la grille : [Rectangle[x=0.0, y=0.0, width=40.0, height=40.0, fill=0x00000000, stroke=0x00000000, strokeWidth=1.0], StackPane@43df21ed]
[2025-04-29 09:53:21.145] INFO - MatrixLvLEditorView.removeItemFromGridPane - Éléments supprimés de la grille removeAllItemsFromGridPane
[2025-04-29 09:53:21.341] INFO - MatrixLvLEditorView.removeItemFromGridPane - Noeud à supprimer de la grille : [Rectangle[x=0.0, y=0.0, width=40.0, height=40.0, fill=0x00000000, stroke=0x00000000, strokeWidth=1.0], StackPane@224c1b63]
[2025-04-29 09:53:21.341] INFO - MatrixLvLEditorView.removeItemFromGridPane - Éléments supprimés de la grille removeAllItemsFromGridPane
[2025-04-29 09:53:21.450] INFO - MatrixLvLEditorView.removeItemFromGridPane - Noeud à supprimer de la grille : [Rectangle[x=0.0, y=0.0, width=40.0, height=40.0, fill=0x00000000, stroke=0x00000000, strokeWidth=1.0], StackPane@15a1353]
[2025-04-29 09:53:21.450] INFO - MatrixLvLEditorView.removeItemFromGridPane - Éléments supprimés de la grille removeAllItemsFromGridPane
[2025-04-29 09:53:21.510] INFO - MatrixLvLEditorView.removeItemFromGridPane - Noeud à supprimer de la grille : [Rectangle[x=0.0, y=0.0, width=40.0, height=40.0, fill=0x00000000, stroke=0x00000000, strokeWidth=1.0], StackPane@7b195123]
[2025-04-29 09:53:21.510] INFO - MatrixLvLEditorView.removeItemFromGridPane - Éléments supprimés de la grille removeAllItemsFromGridPane
[2025-04-29 09:53:21.803] INFO - MatrixLvLEditorView.removeItemFromGridPane - Noeud à supprimer de la grille : [Rectangle[x=0.0, y=0.0, width=40.0, height=40.0, fill=0x00000000, stroke=0x00000000, strokeWidth=1.0], StackPane@706973ae]
[2025-04-29 09:53:21.804] INFO - MatrixLvLEditorView.removeItemFromGridPane - Éléments supprimés de la grille removeAllItemsFromGridPane
[2025-04-29 09:53:21.889] INFO - MatrixLvLEditorView.removeItemFromGridPane - Noeud à supprimer de la grille : [Rectangle[x=0.0, y=0.0, width=40.0, height=40.0, fill=0x00000000, stroke=0x00000000, strokeWidth=1.0], StackPane@7a666add]
[2025-04-29 09:53:21.889] INFO - MatrixLvLEditorView.removeItemFromGridPane - Éléments supprimés de la grille removeAllItemsFromGridPane
[2025-04-29 09:53:22.138] INFO - MatrixLvLEditorView.removeItemFromGridPane - Noeud à supprimer de la grille : [Rectangle[x=0.0, y=0.0, width=40.0, height=40.0, fill=0x00000000, stroke=0x00000000, strokeWidth=1.0], StackPane@2a092e20]
[2025-04-29 09:53:22.139] INFO - MatrixLvLEditorView.removeItemFromGridPane - Éléments supprimés de la grille removeAllItemsFromGridPane
[2025-04-29 09:53:22.191] INFO - MatrixLvLEditorView.removeItemFromGridPane - Noeud à supprimer de la grille : [Rectangle[x=0.0, y=0.0, width=40.0, height=40.0, fill=0x00000000, stroke=0x00000000, strokeWidth=1.0], StackPane@572606b]
[2025-04-29 09:53:22.191] INFO - MatrixLvLEditorView.removeItemFromGridPane - Éléments supprimés de la grille removeAllItemsFromGridPane
[2025-04-29 09:53:22.432] INFO - MatrixLvLEditorView.removeItemFromGridPane - Noeud à supprimer de la grille : [Rectangle[x=0.0, y=0.0, width=40.0, height=40.0, fill=0x00000000, stroke=0x00000000, strokeWidth=1.0], StackPane@5a85f5b3]
[2025-04-29 09:53:22.432] INFO - MatrixLvLEditorView.removeItemFromGridPane - Éléments supprimés de la grille removeAllItemsFromGridPane
[2025-04-29 09:53:22.489] INFO - MatrixLvLEditorView.removeItemFromGridPane - Noeud à supprimer de la grille : [Rectangle[x=0.0, y=0.0, width=40.0, height=40.0, fill=0x00000000, stroke=0x00000000, strokeWidth=1.0], StackPane@c68c665]
[2025-04-29 09:53:22.489] INFO - MatrixLvLEditorView.removeItemFromGridPane - Éléments supprimés de la grille removeAllItemsFromGridPane
[2025-04-29 09:53:22.605] INFO - MatrixLvLEditorView.removeItemFromGridPane - Noeud à supprimer de la grille : [Rectangle[x=0.0, y=0.0, width=40.0, height=40.0, fill=0x00000000, stroke=0x00000000, strokeWidth=1.0], StackPane@3aee740e]
[2025-04-29 09:53:22.606] INFO - MatrixLvLEditorView.removeItemFromGridPane - Éléments supprimés de la grille removeAllItemsFromGridPane
[2025-04-29 09:53:22.805] INFO - MatrixLvLEditorView.removeItemFromGridPane - Noeud à supprimer de la grille : [Rectangle[x=0.0, y=0.0, width=40.0, height=40.0, fill=0x00000000, stroke=0x00000000, strokeWidth=1.0], StackPane@cf175bb]
[2025-04-29 09:53:22.806] INFO - MatrixLvLEditorView.removeItemFromGridPane - Éléments supprimés de la grille removeAllItemsFromGridPane
[2025-04-29 09:53:22.840] INFO - MatrixLvLEditorView.removeItemFromGridPane - Noeud à supprimer de la grille : [Rectangle[x=0.0, y=0.0, width=40.0, height=40.0, fill=0x00000000, stroke=0x00000000, strokeWidth=1.0], StackPane@1f4024be]
[2025-04-29 09:53:22.841] INFO - MatrixLvLEditorView.removeItemFromGridPane - Éléments supprimés de la grille removeAllItemsFromGridPane
[2025-04-29 09:53:23.040] INFO - MatrixLvLEditorView.removeItemFromGridPane - Noeud à supprimer de la grille : [Rectangle[x=0.0, y=0.0, width=40.0, height=40.0, fill=0x00000000, stroke=0x00000000, strokeWidth=1.0], StackPane@13fa0d37]
[2025-04-29 09:53:23.040] INFO - MatrixLvLEditorView.removeItemFromGridPane - Éléments supprimés de la grille removeAllItemsFromGridPane
[2025-04-29 09:53:23.195] INFO - MatrixLvLEditorView.removeItemFromGridPane - Noeud à supprimer de la grille : [Rectangle[x=0.0, y=0.0, width=40.0, height=40.0, fill=0x00000000, stroke=0x00000000, strokeWidth=1.0], StackPane@5d388559]
[2025-04-29 09:53:23.196] INFO - MatrixLvLEditorView.removeItemFromGridPane - Éléments supprimés de la grille removeAllItemsFromGridPane
[2025-04-29 09:53:23.290] INFO - MatrixLvLEditorView.removeItemFromGridPane - Noeud à supprimer de la grille : [Rectangle[x=0.0, y=0.0, width=40.0, height=40.0, fill=0x00000000, stroke=0x00000000, strokeWidth=1.0], StackPane@642c1495]
[2025-04-29 09:53:23.290] INFO - MatrixLvLEditorView.removeItemFromGridPane - Éléments supprimés de la grille removeAllItemsFromGridPane
[2025-04-29 09:53:23.505] INFO - MatrixLvLEditorView.removeItemFromGridPane - Noeud à supprimer de la grille : [Rectangle[x=0.0, y=0.0, width=40.0, height=40.0, fill=0x00000000, stroke=0x00000000, strokeWidth=1.0], StackPane@63f15b0]
[2025-04-29 09:53:23.505] INFO - MatrixLvLEditorView.removeItemFromGridPane - Éléments supprimés de la grille removeAllItemsFromGridPane
[2025-04-29 09:53:23.546] INFO - MatrixLvLEditorView.removeItemFromGridPane - Noeud à supprimer de la grille : [Rectangle[x=0.0, y=0.0, width=40.0, height=40.0, fill=0x00000000, stroke=0x00000000, strokeWidth=1.0], StackPane@13a57635]
[2025-04-29 09:53:23.546] INFO - MatrixLvLEditorView.removeItemFromGridPane - Éléments supprimés de la grille removeAllItemsFromGridPane
[2025-04-29 09:53:23.849] INFO - MatrixLvLEditorView.removeItemFromGridPane - Noeud à supprimer de la grille : [StackPane@2ec7e33e]
[2025-04-29 09:53:23.849] INFO - MatrixLvLEditorView.removeItemFromGridPane - Éléments supprimés de la grille removeAllItemsFromGridPane
[2025-04-29 09:53:23.897] INFO - MatrixLvLEditorView.removeItemFromGridPane - Noeud à supprimer de la grille : [Rectangle[x=0.0, y=0.0, width=40.0, height=40.0, fill=0x00000000, stroke=0x00000000, strokeWidth=1.0], StackPane@140a2e39]
[2025-04-29 09:53:23.898] INFO - MatrixLvLEditorView.removeItemFromGridPane - Éléments supprimés de la grille removeAllItemsFromGridPane
[2025-04-29 09:53:24.252] INFO - MatrixLvLEditorView.removeItemFromGridPane - Noeud à supprimer de la grille : [Rectangle[x=0.0, y=0.0, width=40.0, height=40.0, fill=0x00000000, stroke=0x00000000, strokeWidth=1.0], StackPane@724baaa2]
[2025-04-29 09:53:24.253] INFO - MatrixLvLEditorView.removeItemFromGridPane - Éléments supprimés de la grille removeAllItemsFromGridPane
[2025-04-29 09:53:24.287] INFO - MatrixLvLEditorView.removeItemFromGridPane - Noeud à supprimer de la grille : [StackPane@3b15fba4]
[2025-04-29 09:53:24.287] INFO - MatrixLvLEditorView.removeItemFromGridPane - Éléments supprimés de la grille removeAllItemsFromGridPane
[2025-04-29 09:53:24.603] INFO - MatrixLvLEditorView.removeItemFromGridPane - Noeud à supprimer de la grille : [Rectangle[x=0.0, y=0.0, width=40.0, height=40.0, fill=0x00000000, stroke=0x00000000, strokeWidth=1.0], StackPane@4335d11]
[2025-04-29 09:53:24.603] INFO - MatrixLvLEditorView.removeItemFromGridPane - Éléments supprimés de la grille removeAllItemsFromGridPane
[2025-04-29 09:53:24.683] INFO - MatrixLvLEditorView.removeItemFromGridPane - Noeud à supprimer de la grille : [Rectangle[x=0.0, y=0.0, width=40.0, height=40.0, fill=0x00000000, stroke=0x00000000, strokeWidth=1.0], StackPane@184cdda6]
[2025-04-29 09:53:24.683] INFO - MatrixLvLEditorView.removeItemFromGridPane - Éléments supprimés de la grille removeAllItemsFromGridPane
[2025-04-29 09:53:24.813] INFO - MatrixLvLEditorView.removeItemFromGridPane - Noeud à supprimer de la grille : [Rectangle[x=0.0, y=0.0, width=40.0, height=40.0, fill=0x00000000, stroke=0x00000000, strokeWidth=1.0], StackPane@18d74b2b]
[2025-04-29 09:53:24.814] INFO - MatrixLvLEditorView.removeItemFromGridPane - Éléments supprimés de la grille removeAllItemsFromGridPane
[2025-04-29 09:53:24.938] INFO - MatrixLvLEditorView.removeItemFromGridPane - Noeud à supprimer de la grille : [Rectangle[x=0.0, y=0.0, width=40.0, height=40.0, fill=0x00000000, stroke=0x00000000, strokeWidth=1.0], StackPane@1737d9c2]
[2025-04-29 09:53:24.938] INFO - MatrixLvLEditorView.removeItemFromGridPane - Éléments supprimés de la grille removeAllItemsFromGridPane
[2025-04-29 09:53:25.015] INFO - MatrixLvLEditorView.removeItemFromGridPane - Noeud à supprimer de la grille : [Rectangle[x=0.0, y=0.0, width=40.0, height=40.0, fill=0x00000000, stroke=0x00000000, strokeWidth=1.0], StackPane@4e33f9e4]
[2025-04-29 09:53:25.015] INFO - MatrixLvLEditorView.removeItemFromGridPane - Éléments supprimés de la grille removeAllItemsFromGridPane
[2025-04-29 09:53:25.289] INFO - MatrixLvLEditorView.removeItemFromGridPane - Noeud à supprimer de la grille : [Rectangle[x=0.0, y=0.0, width=40.0, height=40.0, fill=0x00000000, stroke=0x00000000, strokeWidth=1.0], StackPane@1843171c]
[2025-04-29 09:53:25.289] INFO - MatrixLvLEditorView.removeItemFromGridPane - Éléments supprimés de la grille removeAllItemsFromGridPane
[2025-04-29 09:53:25.641] INFO - MatrixLvLEditorView.removeItemFromGridPane - Noeud à supprimer de la grille : [Rectangle[x=0.0, y=0.0, width=40.0, height=40.0, fill=0x00000000, stroke=0x00000000, strokeWidth=1.0], StackPane@387df4d5]
[2025-04-29 09:53:25.642] INFO - MatrixLvLEditorView.removeItemFromGridPane - Éléments supprimés de la grille removeAllItemsFromGridPane
[2025-04-29 09:53:25.993] INFO - MatrixLvLEditorView.removeItemFromGridPane - Noeud à supprimer de la grille : [Rectangle[x=0.0, y=0.0, width=40.0, height=40.0, fill=0x00000000, stroke=0x00000000, strokeWidth=1.0], StackPane@17a87d80]
[2025-04-29 09:53:25.994] INFO - MatrixLvLEditorView.removeItemFromGridPane - Éléments supprimés de la grille removeAllItemsFromGridPane
[2025-04-29 09:53:26.345] INFO - MatrixLvLEditorView.removeItemFromGridPane - Noeud à supprimer de la grille : [Rectangle[x=0.0, y=0.0, width=40.0, height=40.0, fill=0x00000000, stroke=0x00000000, strokeWidth=1.0], StackPane@589b232b]
[2025-04-29 09:53:26.345] INFO - MatrixLvLEditorView.removeItemFromGridPane - Éléments supprimés de la grille removeAllItemsFromGridPane
[2025-04-29 09:53:26.696] INFO - MatrixLvLEditorView.removeItemFromGridPane - Noeud à supprimer de la grille : [Rectangle[x=0.0, y=0.0, width=40.0, height=40.0, fill=0x00000000, stroke=0x00000000, strokeWidth=1.0], StackPane@41eb0338]
[2025-04-29 09:53:26.697] INFO - MatrixLvLEditorView.removeItemFromGridPane - Éléments supprimés de la grille removeAllItemsFromGridPane
[2025-04-29 09:53:27.049] INFO - MatrixLvLEditorView.removeItemFromGridPane - Noeud à supprimer de la grille : [Rectangle[x=0.0, y=0.0, width=40.0, height=40.0, fill=0x00000000, stroke=0x00000000, strokeWidth=1.0], StackPane@226adc8d]
[2025-04-29 09:53:27.050] INFO - MatrixLvLEditorView.removeItemFromGridPane - Éléments supprimés de la grille removeAllItemsFromGridPane
[2025-04-29 09:53:27.400] INFO - MatrixLvLEditorView.removeItemFromGridPane - Noeud à supprimer de la grille : [Rectangle[x=0.0, y=0.0, width=40.0, height=40.0, fill=0x00000000, stroke=0x00000000, strokeWidth=1.0], StackPane@53e1934a]
[2025-04-29 09:53:27.401] INFO - MatrixLvLEditorView.removeItemFromGridPane - Éléments supprimés de la grille removeAllItemsFromGridPane
[2025-04-29 09:53:27.737] INFO - MatrixLvLEditorView.removeItemFromGridPane - Noeud à supprimer de la grille : [Rectangle[x=0.0, y=0.0, width=40.0, height=40.0, fill=0x00000000, stroke=0x00000000, strokeWidth=1.0], StackPane@62956cb4]
[2025-04-29 09:53:27.737] INFO - MatrixLvLEditorView.removeItemFromGridPane - Éléments supprimés de la grille removeAllItemsFromGridPane
[2025-04-29 09:53:28.090] INFO - MatrixLvLEditorView.removeItemFromGridPane - Noeud à supprimer de la grille : [Rectangle[x=0.0, y=0.0, width=40.0, height=40.0, fill=0x00000000, stroke=0x00000000, strokeWidth=1.0], StackPane@673fe955]
[2025-04-29 09:53:28.090] INFO - MatrixLvLEditorView.removeItemFromGridPane - Éléments supprimés de la grille removeAllItemsFromGridPane
[2025-04-29 09:53:28.442] INFO - MatrixLvLEditorView.removeItemFromGridPane - Noeud à supprimer de la grille : [Rectangle[x=0.0, y=0.0, width=40.0, height=40.0, fill=0x00000000, stroke=0x00000000, strokeWidth=1.0], StackPane@75dee409]
[2025-04-29 09:53:28.443] INFO - MatrixLvLEditorView.removeItemFromGridPane - Éléments supprimés de la grille removeAllItemsFromGridPane
[2025-04-29 09:53:28.793] INFO - MatrixLvLEditorView.removeItemFromGridPane - Noeud à supprimer de la grille : [Rectangle[x=0.0, y=0.0, width=40.0, height=40.0, fill=0x00000000, stroke=0x00000000, strokeWidth=1.0], StackPane@2dd0d52a]
[2025-04-29 09:53:28.793] INFO - MatrixLvLEditorView.removeItemFromGridPane - Éléments supprimés de la grille removeAllItemsFromGridPane
