[2025-05-02 17:27:04.237] INFO - MatrixLvlEditorModel.fillHeroAndEnnemyList - Ajout d'un ennemie  fillHeroAndEnnemyList+ [MyCharacter{name='Boss', HP=10, coord=Coord{row=0, col=0}}]
[2025-05-02 17:27:04.242] INFO - MatrixLvlEditorModel.fillHeroAndEnnemyList - Ajout d'un ennemie  fillHeroAndEnnemyList+ [MyCharacter{name='Boss', HP=10, coord=Coord{row=0, col=0}}, MyCharacter{name='Boss', HP=10, coord=Coord{row=0, col=19}}]
[2025-05-02 17:27:04.243] INFO - MatrixLvlEditorModel.fillHeroAndEnnemyList - L'item n'est ni un heros, ni un ennemi
[2025-05-02 17:27:04.243] INFO - MatrixLvlEditorModel.fillHeroAndEnnemyList - L'item n'est ni un heros, ni un ennemi
[2025-05-02 17:27:04.243] INFO - MatrixLvlEditorModel.fillHeroAndEnnemyList - L'item n'est ni un heros, ni un ennemi
[2025-05-02 17:27:04.243] INFO - MatrixLvlEditorModel.fillHeroAndEnnemyList - L'item n'est ni un heros, ni un ennemi
[2025-05-02 17:27:04.243] INFO - MatrixLvlEditorModel.fillHeroAndEnnemyList - L'item n'est ni un heros, ni un ennemi
[2025-05-02 17:27:04.243] INFO - MatrixLvlEditorModel.fillHeroAndEnnemyList - L'item n'est ni un heros, ni un ennemi
[2025-05-02 17:27:04.243] INFO - MatrixLvlEditorModel.fillHeroAndEnnemyList - L'item n'est ni un heros, ni un ennemi
[2025-05-02 17:27:04.246] INFO - MatrixLvlEditorModel.fillHeroAndEnnemyList - Ajout du héro  fillHeroAndEnnemyList
5-05-02 17:27:04.181] INFO - MatrixLvlEditorModel.fillHeroAndEnnemyList - L'item n'est ni un heros, ni un ennemi
[2025-05-02 17:27:04.181] INFO - MatrixLvlEditorModel.fillHeroAndEnnemyList - L'item n'est ni un heros, ni un ennemi
[2025-05-02 17:27:04.181] INFO - MatrixLvlEditorModel.fillHeroAndEnnemyList - L'item n'est ni un heros, ni un ennemi
[2025-05-02 17:27:04.186] INFO - MatrixLvlEditorModel.fillHeroAndEnnemyList - Ajout d'un ennemie  fillHeroAndEnnemyList+ [MyCharacter{name='Agressor', HP=10, coord=Coord{row=0, col=1}}, MyCharacter{name='Agressor', HP=10, coord=Coord{row=4, col=11}}]
[2025-05-02 17:27:04.187] INFO - MatrixLvlEditorModel.fillHeroAndEnnemyList - L'item n'est ni un heros, ni un ennemi
[2025-05-02 17:27:04.187] INFO - MatrixLvlEditorModel.fillHeroAndEnnemyList - L'item n'est ni un heros, ni un ennemi
[2025-05-02 17:27:04.187] INFO - MatrixLvlEditorModel.fillHeroAndEnnemyList - L'item n'est ni un heros, ni un ennemi
[2025-05-02 17:27:04.187] INFO - MatrixLvlEditorModel.fillHeroAndEnnemyList - L'item n'est ni un heros, ni un ennemi
[2025-05-02 17:27:04.187] INFO - MatrixLvlEditorModel.fillHeroAndEnnemyList - L'item n'est ni un heros, ni un ennemi
[2025-05-02 17:27:04.187] INFO - MatrixLvlEditorModel.fillHeroAndEnnemyList - L'item n'est ni un heros, ni un ennemi
[2025-05-02 17:27:04.187] INFO - MatrixLvlEditorModel.fillHeroAndEnnemyList - L'item n'est ni un heros, ni un ennemi
[2025-05-02 17:27:04.187] INFO - MatrixLvlEditorModel.fillHeroAndEnnemyList - L'item n'est ni un heros, ni un ennemi
[2025-05-02 17:27:04.188] INFO - MatrixLvlEditorModel.fillHeroAndEnnemyList - L'item n'est ni un heros, ni un ennemi
[2025-05-02 17:27:04.188] INFO - MatrixLvlEditorModel.fillHeroAndEnnemyList - L'item n'est ni un heros, ni un ennemi
[2025-05-02 17:27:04.188] INFO - MatrixLvlEditorModel.fillHeroAndEnnemyList - L'item n'est ni un heros, ni un ennemi
[2025-05-02 17:27:04.188] INFO - MatrixLvlEditorModel.fillHeroAndEnnemyList - L'item n'est ni un heros, ni un ennemi
[2025-05-02 17:27:04.188] INFO - MatrixLvlEditorModel.fillHeroAndEnnemyList - L'item n'est ni un heros, ni un ennemi
[2025-05-02 17:27:04.189] INFO - MatrixLvlEditorModel.fillHeroAndEnnemyList - L'item n'est ni un heros, ni un ennemi
[2025-05-02 17:27:04.189] INFO - MatrixLvlEditorModel.fillHeroAndEnnemyList - L'item n'est ni un heros, ni un ennemi
[2025-05-02 17:27:04.197] INFO - MatrixLvlEditorModel.fillHeroAndEnnemyList - Ajout d'un ennemie  fillHeroAndEnnemyList+ [MyCharacter{name='Agressor', HP=10, coord=Coord{row=0, col=1}}, MyCharacter{name='Agressor', HP=10, coord=Coord{row=4, col=11}}, MyCharacter{name='Agressor', HP=10, coord=Coord{row=7, col=17}}]
[2025-05-02 17:27:04.197] INFO - MatrixLvlEditorModel.fillHeroAndEnnemyList - L'item n'est ni un heros, ni un ennemi
[2025-05-02 17:27:04.198] INFO - MatrixLvlEditorModel.fillHeroAndEnnemyList - L'item n'est ni un heros, ni un ennemi
[2025-05-02 17:27:04.198] INFO - MatrixLvlEditorModel.fillHeroAndEnnemyList - L'item n'est ni un heros, ni un ennemi
[2025-05-02 17:27:04.198] INFO - MatrixLvlEditorModel.fillHeroAndEnnemyList - L'item n'est ni un heros, ni un ennemi
[2025-05-02 17:27:04.198] INFO - MatrixLvlEditorModel.fillHeroAndEnnemyList - L'item n'est ni un heros, ni un ennemi
[2025-05-02 17:27:04.198] INFO - MatrixLvlEditorModel.fillHeroAndEnnemyList - L'item n'est ni un heros, ni un ennemi
[2025-05-02 17:27:04.204] INFO - MatrixLvlEditorModel.fillHeroAndEnnemyList - Ajout d'un ennemie  fillHeroAndEnnemyList+ [MyCharacter{name='Agressor', HP=10, coord=Coord{row=0, col=1}}, MyCharacter{name='Agressor', HP=10, coord=Coord{row=4, col=11}}, MyCharacter{name='Agressor', HP=10, coord=Coord{row=7, col=17}}, MyCharacter{name='Agressor', HP=10, coord=Coord{row=10, col=1}}]
[2025-05-02 17:27:04.204] INFO - MatrixLvlEditorModel.fillHeroAndEnnemyList - L'item n'est ni un heros, ni un ennemi
[2025-05-02 17:27:04.204] INFO - MatrixLvlEditorModel.fillHeroAndEnnemyList - L'item n'est ni un heros, ni un ennemi
[2025-05-02 17:27:04.205] INFO - MatrixLvlEditorModel.fillHeroAndEnnemyList - L'item n'est ni un heros, ni un ennemi
[2025-05-02 17:27:04.205] INFO - MatrixLvlEditorModel.fillHeroAndEnnemyList - L'item n'est ni un heros, ni un ennemi
[2025-05-02 17:27:04.205] INFO - MatrixLvlEditorModel.fillHeroAndEnnemyList - L'item n'est ni un heros, ni un ennemi
[2025-05-02 17:27:04.205] INFO - MatrixLvlEditorModel.fillHeroAndEnnemyList - L'item n'est ni un heros, ni un ennemi
[2025-05-02 17:27:04.213] INFO - MatrixLvlEditorModel.fillHeroAndEnnemyList - Ajout d'un ennemie  fillHeroAndEnnemyList+ [MyCharacter{name='Agressor', HP=10, coord=Coord{row=0, col=1}}, MyCharacter{name='Agressor', HP=10, coord=Coord{row=4, col=11}}, MyCharacter{name='Agressor', HP=10, coord=Coord{row=7, col=17}}, MyCharacter{name='Agressor', HP=10, coord=Coord{row=10, col=1}}, MyCharacter{name='Agressor', HP=10, coord=Coord{row=11, col=18}}]
[2025-05-02 17:27:04.221] INFO - MatrixLvlEditorModel.fillHeroAndEnnemyList - Ajout d'un ennemie  fillHeroAndEnnemyList+ [MyCharacter{name='Agressor', HP=10, coord=Coord{row=0, col=1}}, MyCharacter{name='Agressor', HP=10, coord=Coord{row=4, col=11}}, MyCharacter{name='Agressor', HP=10, coord=Coord{row=7, col=17}}, MyCharacter{name='Agressor', HP=10, coord=Coord{row=10, col=1}}, MyCharacter{name='Agressor', HP=10, coord=Coord{row=11, col=18}}, MyCharacter{name='Agressor', HP=10, coord=Coord{row=12, col=3}}]
[2025-05-02 17:27:04.221] INFO - MatrixLvlEditorModel.fillHeroAndEnnemyList - L'item n'est ni un heros, ni un ennemi
[2025-05-02 17:27:04.228] INFO - MatrixLvlEditorModel.fillHeroAndEnnemyList - Ajout d'un ennemie  fillHeroAndEnnemyList+ [MyCharacter{name='Agressor', HP=10, coord=Coord{row=0, col=1}}, MyCharacter{name='Agressor', HP=10, coord=Coord{row=4, col=11}}, MyCharacter{name='Agressor', HP=10, coord=Coord{row=7, col=17}}, MyCharacter{name='Agressor', HP=10, coord=Coord{row=10, col=1}}, MyCharacter{name='Agressor', HP=10, coord=Coord{row=11, col=18}}, MyCharacter{name='Agressor', HP=10, coord=Coord{row=12, col=3}}, MyCharacter{name='Agressor', HP=10, coord=Coord{row=13, col=5}}]
[2025-05-02 17:27:04.229] INFO - MatrixLvlEditorModel.fillHeroAndEnnemyList - L'item n'est ni un heros, ni un ennemi
[2025-05-02 17:27:04.229] INFO - MatrixLvlEditorModel.fillHeroAndEnnemyList - L'item n'est ni un heros, ni un ennemi
[2025-05-02 17:27:04.229] INFO - MatrixLvlEditorModel.fillHeroAndEnnemyList - L'item n'est ni un heros, ni un ennemi
[2025-05-02 17:27:04.229] INFO - MatrixLvlEditorModel.fillHeroAndEnnemyList - L'item n'est ni un heros, ni un ennemi
[2025-05-02 17:27:04.229] INFO - MatrixLvlEditorModel.fillHeroAndEnnemyList - L'item n'est ni un heros, ni un ennemi
[2025-05-02 17:27:04.230] INFO - MatrixLvlEditorModel.fillHeroAndEnnemyList - L'item n'est ni un heros, ni un ennemi
[2025-05-02 17:27:04.230] INFO - MatrixLvlEditorModel.fillHeroAndEnnemyList - L'item n'est ni un heros, ni un ennemi
[2025-05-02 17:27:04.230] INFO - MatrixLvlEditorModel.fillHeroAndEnnemyList - L'item n'est ni un heros, ni un ennemi
[2025-05-02 17:27:04.230] INFO - MatrixLvlEditorModel.fillHeroAndEnnemyList - L'item n'est ni un heros, ni un ennemi
[2025-05-02 17:27:04.230] INFO - MatrixLvlEditorModel.fillHeroAndEnnemyList - L'item n'est ni un heros, ni un ennemi
[2025-05-02 17:27:04.230] INFO - MatrixLvlEditorModel.fillHeroAndEnnemyList - L'item n'est ni un heros, ni un ennemi
[2025-05-02 17:27:04.230] INFO - MatrixLvlEditorModel.fillHeroAndEnnemyList - L'item n'est ni un heros, ni [2025-05-02 17:27:04.572] INFO - MatrixLvlEditorModel.setHero - Changement de l'instance du héros
t ni un heros, ni un ennemi
[2025-05-02 17:27:04.230] INFO - MatrixLvlEditorModel.fillHeroAndEnnemyList - L'item n'est ni un heros, ni un ennemi
[2025-05-02 17:27:04.231] INFO - MatrixLvlEditorModel.fillHeroAndEnnemyList - L'item n'est ni un heros, ni un ennemi
[2025-05-02 17:27:04.231] INFO - MatrixLvlEditorModel.fillHeroAndEnnemyList - L'item n'est ni un heros, ni un ennemi
[2025-05-02 17:27:04.231] INFO - MatrixLvlEditorModel.fillHeroAndEnnemyList - L'item n'est ni un heros, ni un ennemi
[2025-05-02 17:27:04.231] INFO - MatrixLvlEditorModel.fillHeroAndEnnemyList - L'item n'est ni un heros, ni un ennemi
[2025-05-02 17:27:04.231] INFO - MatrixLvlEditorModel.fillHeroAndEnnemyList - L'item n'est ni un heros, ni un ennemi
