[2025-04-26 22:07:59.332] INFO - Views4OrientationImgCharacter.nextImage - Prochaine image 1 0
[2025-04-26 22:07:59.333] INFO - Views4OrientationImgCharacter.nextImage - Current frame index: 0 Current MoveSequence [ImageView@3622ec51[styleClass=image-view], ImageView@31c7826a[styleClass=image-view], ImageView@6b738a3c[styleClass=image-view], ImageView@67468a18[styleClass=image-view], ImageView@46a7b2c5[styleClass=image-view], ImageView@4bfebca9[styleClass=image-view], ImageView@3cabed80[styleClass=image-view], ImageView@6f6ea647[styleClass=image-view], ImageView@142400f5[styleClass=image-view]]
[2025-04-26 22:07:59.827] INFO - Views4OrientationImgCharacter.nextImage - Prochaine image 1 0
[2025-04-26 22:07:59.827] INFO - Views4OrientationImgCharacter.nextImage - Current frame index: 1 Current MoveSequence [ImageView@3622ec51[styleClass=image-view], ImageView@31c7826a[styleClass=image-view], ImageView@6b738a3c[styleClass=image-view], ImageView@67468a18[styleClass=image-view], ImageView@46a7b2c5[styleClass=image-view], ImageView@4bfebca9[styleClass=image-view], ImageView@3cabed80[styleClass=image-view], ImageView@6f6ea647[styleClass=image-view], ImageView@142400f5[styleClass=image-view]]
[2025-04-26 22:08:00.321] INFO - Views4OrientationImgCharacter.nextImage - Prochaine image 1 0
[2025-04-26 22:08:00.322] INFO - Views4OrientationImgCharacter.nextImage - Current frame index: 2 Current MoveSequence [ImageView@3622ec51[styleClass=image-view], ImageView@31c7826a[styleClass=image-view], ImageView@6b738a3c[styleClass=image-view], ImageView@67468a18[styleClass=image-view], ImageView@46a7b2c5[styleClass=image-view], ImageView@4bfebca9[styleClass=image-view], ImageView@3cabed80[styleClass=image-view], ImageView@6f6ea647[styleClass=image-view], ImageView@142400f5[styleClass=image-view]]
[2025-04-26 22:08:00.819] INFO - Views4OrientationImgCharacter.nextImage - Prochaine image 1 0
[2025-04-26 22:08:00.820] INFO - Views4OrientationImgCharacter.nextImage - Current frame index: 3 Current MoveSequence [ImageView@3622ec51[styleClass=image-view], ImageView@31c7826a[styleClass=image-view], ImageView@6b738a3c[styleClass=image-view], ImageView@67468a18[styleClass=image-view], ImageView@46a7b2c5[styleClass=image-view], ImageView@4bfebca9[styleClass=image-view], ImageView@3cabed80[styleClass=image-view], ImageView@6f6ea647[styleClass=image-view], ImageView@142400f5[styleClass=image-view]]
[2025-04-26 22:08:01.314] INFO - Views4OrientationImgCharacter.nextImage - Prochaine image 1 0
[2025-04-26 22:08:01.314] INFO - Views4OrientationImgCharacter.nextImage - Current frame index: 4 Current MoveSequence [ImageView@3622ec51[styleClass=image-view], ImageView@31c7826a[styleClass=image-view], ImageView@6b738a3c[styleClass=image-view], ImageView@67468a18[styleClass=image-view], ImageView@46a7b2c5[styleClass=image-view], ImageView@4bfebca9[styleClass=image-view], ImageView@3cabed80[styleClass=image-view], ImageView@6f6ea647[styleClass=image-view], ImageView@142400f5[styleClass=image-view]]
[2025-04-26 22:08:01.827] INFO - Views4OrientationImgCharacter.nextImage - Prochaine image 1 0
[2025-04-26 22:08:01.828] INFO - Views4OrientationImgCharacter.nextImage - Current frame index: 5 Current MoveSequence [ImageView@3622ec51[styleClass=image-view], ImageView@31c7826a[styleClass=image-view], ImageView@6b738a3c[styleClass=image-view], ImageView@67468a18[styleClass=image-view], ImageView@46a7b2c5[styleClass=image-view], ImageView@4bfebca9[styleClass=image-view], ImageView@3cabed80[styleClass=image-view], ImageView@6f6ea647[styleClass=image-view], ImageView@142400f5[styleClass=image-view]]
[2025-04-26 22:08:02.322] INFO - Views4OrientationImgCharacter.nextImage - Prochaine image 1 0
[2025-04-26 22:08:02.323] INFO - Views4OrientationImgCharacter.nextImage - Current frame index: 6 Current MoveSequence [ImageView@3622ec51[styleClass=image-view], ImageView@31c7826a[styleClass=image-view], ImageView@6b738a3c[styleClass=image-view], ImageView@67468a18[styleClass=image-view], ImageView@46a7b2c5[styleClass=image-view], ImageView@4bfebca9[styleClass=image-view], ImageView@3cabed80[styleClass=image-view], ImageView@6f6ea647[styleClass=image-view], ImageView@142400f5[styleClass=image-view]]
[2025-04-26 22:08:02.818] INFO - Views4OrientationImgCharacter.nextImage - Prochaine image 1 0
[2025-04-26 22:08:02.818] INFO - Views4OrientationImgCharacter.nextImage - Current frame index: 7 Current MoveSequence [ImageView@3622ec51[styleClass=image-view], ImageView@31c7826a[styleClass=image-view], ImageView@6b738a3c[styleClass=image-view], ImageView@67468a18[styleClass=image-view], ImageView@46a7b2c5[styleClass=image-view], ImageView@4bfebca9[styleClass=image-view], ImageView@3cabed80[styleClass=image-view], ImageView@6f6ea647[styleClass=image-view], ImageView@142400f5[styleClass=image-view]]
[2025-04-26 22:08:03.329] INFO - Views4OrientationImgCharacter.nextImage - Prochaine image 1 0
[2025-04-26 22:08:03.329] INFO - Views4OrientationImgCharacter.nextImage - Current frame index: 8 Current MoveSequence [ImageView@3622ec51[styleClass=image-view], ImageView@31c7826a[styleClass=image-view], ImageView@6b738a3c[styleClass=image-view], ImageView@67468a18[styleClass=image-view], ImageView@46a7b2c5[styleClass=image-view], ImageView@4bfebca9[styleClass=image-view], ImageView@3cabed80[styleClass=image-view], ImageView@6f6ea647[styleClass=image-view], ImageView@142400f5[styleClass=image-view]]
[2025-04-26 22:08:03.828] INFO - Views4OrientationImgCharacter.nextImage - Prochaine image 1 0
[2025-04-26 22:08:03.828] INFO - Views4OrientationImgCharacter.nextImage - Current frame index: 0 Current MoveSequence [ImageView@3622ec51[styleClass=image-view], ImageView@31c7826a[styleClass=image-view], ImageView@6b738a3c[styleClass=image-view], ImageView@67468a18[styleClass=image-view], ImageView@46a7b2c5[styleClass=image-view], ImageView@4bfebca9[styleClass=image-view], ImageView@3cabed80[styleClass=image-view], ImageView@6f6ea647[styleClass=image-view], ImageView@142400f5[styleClass=image-view]]
02.060] INFO - Views4OrientationImgCharacter.nextImage - Current frame index: 1 Current MoveSequence [ImageView@51ab94ca[styleClass=image-view], ImageView@6131bc8f[styleClass=image-view], ImageView@5d49957f[styleClass=image-view], ImageView@3ac26c98[styleClass=image-view]]
[2025-04-26 22:08:02.339] INFO - Views4OrientationImgCharacter.nextImage - Prochaine image 1 0
[2025-04-26 22:08:02.340] INFO - Views4OrientationImgCharacter.nextImage - Current frame index: 2 Current MoveSequence [ImageView@51ab94ca[styleClass=image-view], ImageView@6131bc8f[styleClass=image-view], ImageView@5d49957f[styleClass=image-view], ImageView@3ac26c98[styleClass=image-view]]
[2025-04-26 22:08:02.465] INFO - Views4OrientationImgCharacter.nextImage - Prochaine image 1 0
[2025-04-26 22:08:02.465] INFO - Views4OrientationImgCharacter.nextImage - Current frame index: 3 Current MoveSequence [ImageView@51ab94ca[styleClass=image-view], ImageView@6131bc8f[styleClass=image-view], ImageView@5d49957f[styleClass=image-view], ImageView@3ac26c98[styleClass=image-view]]
[2025-04-26 22:08:02.634] INFO - Views4OrientationImgCharacter.nextImage - Prochaine image 1 0
[2025-04-26 22:08:02.634] INFO - Views4OrientationImgCharacter.nextImage - Current frame index: 0 Current MoveSequence [ImageView@51ab94ca[styleClass=image-view], ImageView@6131bc8f[styleClass=image-view], ImageView@5d49957f[styleClass=image-view], ImageView@3ac26c98[styleClass=image-view]]
[2025-04-26 22:08:02.990] INFO - Views4OrientationImgCharacter.nextImage - Prochaine image -1 0
[2025-04-26 22:08:02.990] INFO - Views4OrientationImgCharacter.nextImage - Changement de direction sequence courante  UP
[2025-04-26 22:08:02.990] INFO - Views4OrientationImgCharacter.nextImage - Current frame index: 0 Current MoveSequence [ImageView@2652643d[styleClass=image-view], ImageView@8528ad7[styleClass=image-view], ImageView@181da924[styleClass=image-view], ImageView@1b8bfcb3[styleClass=image-view]]
[2025-04-26 22:08:03.598] INFO - Views4OrientationImgCharacter.nextImage - Prochaine image 1 0
[2025-04-26 22:08:03.598] INFO - Views4OrientationImgCharacter.nextImage - Changement de direction sequence courante  DOWN
[2025-04-26 22:08:03.598] INFO - Views4OrientationImgCharacter.nextImage - Current frame index: 0 Current MoveSequence [ImageView@51ab94ca[styleClass=image-view], ImageView@6131bc8f[styleClass=image-view], ImageView@5d49957f[styleClass=image-view], ImageView@3ac26c98[styleClass=image-view]]
[2025-04-26 22:08:03.713] INFO - Views4OrientationImgCharacter.nextImage - Prochaine image 0 1
[2025-04-26 22:08:03.713] INFO - Views4OrientationImgCharacter.nextImage - Changement de direction sequence courante  RIGHT
[2025-04-26 22:08:03.714] INFO - Views4OrientationImgCharacter.nextImage - Current frame index: 0 Current MoveSequence [ImageView@ff2c481[styleClass=image-view], ImageView@425dff32[styleClass=image-view], ImageView@745f67a1[styleClass=image-view], ImageView@218c71d0[styleClass=image-view]]
[2025-04-26 22:08:03.943] INFO - Views4OrientationImgCharacter.nextImage - Prochaine image 0 1
[2025-04-26 22:08:03.943] INFO - Views4OrientationImgCharacter.nextImage - Current frame index: 1 Current MoveSequence [ImageView@ff2c481[styleClass=image-view], ImageView@425dff32[styleClass=image-view], ImageView@745f67a1[styleClass=image-view], ImageView@218c71d0[styleClass=image-view]]
[2025-04-26 22:08:04.149] INFO - Views4OrientationImgCharacter.nextImage - Prochaine image 0 1
[2025-04-26 22:08:04.149] INFO - Views4OrientationImgCharacter.nextImage - Current frame index: 2 Current MoveSequence [ImageView@ff2c481[styleClass=image-view], ImageView@425dff32[styleClass=image-view], ImageView@745f67a1[styleClass=image-view], ImageView@218c71d0[styleClass=image-view]]
[2025-04-26 22:08:04.369] INFO - Views4OrientationImgCharacter.nextImage - Prochaine image 0 1
[2025-04-26 22:08:04.369] INFO - Views4OrientationImgCharacter.nextImage - Current frame index: 3 Current MoveSequence [ImageView@ff2c481[styleClass=image-view], ImageView@425dff32[styleClass=image-view], ImageView@745f67a1[styleClass=image-view], ImageView@218c71d0[styleClass=image-view]]
[2025-04-26 22:08:04.550] INFO - Views4OrientationImgCharacter.nextImage - Prochaine image 0 1
[2025-04-26 22:08:04.550] INFO - Views4OrientationImgCharacter.nextImage - Current frame index: 0 Current MoveSequence [ImageView@ff2c481[styleClass=image-view], ImageView@425dff32[styleClass=image-view], ImageView@745f67a1[styleClass=image-view], ImageView@218c71d0[styleClass=image-view]]
[2025-04-26 22:08:04.857] INFO - Views4OrientationImgCharacter.nextImage - Prochaine image 0 1
[2025-04-26 22:08:04.857] INFO - Views4OrientationImgCharacter.nextImage - Current frame index: 1 Current MoveSequence [ImageView@ff2c481[styleClass=image-view], ImageView@425dff32[styleClass=image-view], ImageView@745f67a1[styleClass=image-view], ImageView@218c71d0[styleClass=image-view]]
[2025-04-26 22:08:05.268] INFO - Views4OrientationImgCharacter.nextImage - Prochaine image -1 0
[2025-04-26 22:08:05.268] INFO - Views4OrientationImgCharacter.nextImage - Changement de direction sequence courante  UP
[2025-04-26 22:08:05.268] INFO - Views4OrientationImgCharacter.nextImage - Current frame index: 0 Current MoveSequence [ImageView@2652643d[styleClass=image-view], ImageView@8528ad7[styleClass=image-view], ImageView@181da924[styleClass=image-view], ImageView@1b8bfcb3[styleClass=image-view]]
